
****** PlanAhead v14.6 (64-bit)
  **** Build 269223 by xbuild on Wed Jun  5 11:07:37 MDT 2013
    ** Copyright 1986-1999, 2001-2012 Xilinx, Inc. All Rights Reserved.

INFO: [Common 17-78] Attempting to get a license: PlanAhead
INFO: [Common 17-290] Got license for PlanAhead
INFO: [Device 21-36] Loading parts and site information from /opt/Xilinx/14.6/ISE_DS/PlanAhead/data/parts/arch.xml
Parsing RTL primitives file [/opt/Xilinx/14.6/ISE_DS/PlanAhead/data/parts/xilinx/rtl/prims/rtl_prims.xml]
Finished parsing RTL primitives file [/opt/Xilinx/14.6/ISE_DS/PlanAhead/data/parts/xilinx/rtl/prims/rtl_prims.xml]
start_gui
source /home/nick/git-repos/Physics301-Fall2018-NL-RC/Lab9/Exp2/pa.fromNetlist.tcl
# create_project -name Exp2 -dir "/home/nick/git-repos/Physics301-Fall2018-NL-RC/Lab9/Exp2/planAhead_run_2" -part xc3s100ecp132-4
# set_property design_mode GateLvl [get_property srcset [current_run -impl]]
# set_property edif_top_file "/home/nick/git-repos/Physics301-Fall2018-NL-RC/Lab9/Exp2/Exp2.ngc" [ get_property srcset [ current_run ] ]
# add_files -norecurse { {/home/nick/git-repos/Physics301-Fall2018-NL-RC/Lab9/Exp2} }
# set_param project.pinAheadLayout  yes
# set_property target_constrs_file "/home/nick/git-repos/Physics301-Fall2018-NL-RC/Lab9_Ex1/Lab9_Ex1.ucf" [current_fileset -constrset]
Adding file '/home/nick/git-repos/Physics301-Fall2018-NL-RC/Lab9_Ex1/Lab9_Ex1.ucf' to fileset 'constrs_1'
# add_files [list {/home/nick/git-repos/Physics301-Fall2018-NL-RC/Lab9_Ex1/Lab9_Ex1.ucf}] -fileset [get_property constrset [current_run]]
# link_design
Design is defaulting to srcset: sources_1
Design is defaulting to constrset: constrs_1
Design is defaulting to project part: xc3s100ecp132-4
Release 14.6 - ngc2edif P.68d (lin64)
Copyright (c) 1995-2013 Xilinx, Inc.  All rights reserved.

Release 14.6 - ngc2edif P.68d (lin64)
Copyright (c) 1995-2013 Xilinx, Inc.  All rights reserved.
Reading design Exp2.ngc ...
WARNING:NetListWriters:298 - No output is written to Exp2.xncf, ignored.
Processing design ...
   Preping design's networks ...
   Preping design's macros ...
  finished :Prep
Writing EDIF netlist file Exp2.edif ...
ngc2edif: Total memory usage is 104732 kilobytes

Parsing EDIF File [./planAhead_run_2/Exp2.data/cache/Exp2_ngc_c72d2aac.edif]
Finished Parsing EDIF File [./planAhead_run_2/Exp2.data/cache/Exp2_ngc_c72d2aac.edif]
INFO: [Designutils 20-910] Reading macro library /opt/Xilinx/14.6/ISE_DS/PlanAhead/data/./parts/xilinx/spartan3e/spartan3e/hd_int_macros.edn
Parsing EDIF File [/opt/Xilinx/14.6/ISE_DS/PlanAhead/data/./parts/xilinx/spartan3e/spartan3e/hd_int_macros.edn]
Finished Parsing EDIF File [/opt/Xilinx/14.6/ISE_DS/PlanAhead/data/./parts/xilinx/spartan3e/spartan3e/hd_int_macros.edn]
Loading clock regions from /opt/Xilinx/14.6/ISE_DS/PlanAhead/data/parts/xilinx/spartan3e/spartan3e/xc3s100e/ClockRegion.xml
Loading clock buffers from /opt/Xilinx/14.6/ISE_DS/PlanAhead/data/parts/xilinx/spartan3e/spartan3e/xc3s100e/ClockBuffers.xml
Loading package from /opt/Xilinx/14.6/ISE_DS/PlanAhead/data/parts/xilinx/spartan3e/spartan3e/xc3s100e/cp132/Package.xml
Loading io standards from /opt/Xilinx/14.6/ISE_DS/PlanAhead/data/./parts/xilinx/spartan3e/IOStandards.xml
INFO: [Device 21-19] Loading pkg sso from /opt/Xilinx/14.6/ISE_DS/PlanAhead/data/parts/xilinx/spartan3e/spartan3e/xc3s100e/cp132/SSORules.xml
Loading list of drcs for the architecture : /opt/Xilinx/14.6/ISE_DS/PlanAhead/data/./parts/xilinx/spartan3e/spartan3e/drc.xml
INFO: [Timing 38-77] Reading timing library /opt/Xilinx/14.6/ISE_DS/PlanAhead/data/parts/xilinx/spartan3e/spartan3e/spartan3e-4.lib.
INFO: [Timing 38-34] Done reading timing library /opt/Xilinx/14.6/ISE_DS/PlanAhead/data/parts/xilinx/spartan3e/spartan3e/spartan3e-4.lib.
Parsing UCF File [/home/nick/git-repos/Physics301-Fall2018-NL-RC/Lab9_Ex1/Lab9_Ex1.ucf]
CRITICAL WARNING: [Constraints 18-5] Cannot loc instance 'XST_GND' at site B8, Unknown instance type 'GND' [/home/nick/git-repos/Physics301-Fall2018-NL-RC/Lab9_Ex1/Lab9_Ex1.ucf:4]
CRITICAL WARNING: [Constraints 18-11] Could not find net or pin 'Time_CLK' [/home/nick/git-repos/Physics301-Fall2018-NL-RC/Lab9_Ex1/Lab9_Ex1.ucf:5]
CRITICAL WARNING: [Constraints 18-11] Could not find net or pin 'Button[3]' [/home/nick/git-repos/Physics301-Fall2018-NL-RC/Lab9_Ex1/Lab9_Ex1.ucf:14]
CRITICAL WARNING: [Constraints 18-11] Could not find net or pin 'Button[2]' [/home/nick/git-repos/Physics301-Fall2018-NL-RC/Lab9_Ex1/Lab9_Ex1.ucf:15]
CRITICAL WARNING: [Constraints 18-11] Could not find net or pin 'Button[1]' [/home/nick/git-repos/Physics301-Fall2018-NL-RC/Lab9_Ex1/Lab9_Ex1.ucf:16]
CRITICAL WARNING: [Constraints 18-11] Could not find net or pin 'Button[0]' [/home/nick/git-repos/Physics301-Fall2018-NL-RC/Lab9_Ex1/Lab9_Ex1.ucf:17]
CRITICAL WARNING: [Constraints 18-11] Could not find net or pin 'anO[0]' [/home/nick/git-repos/Physics301-Fall2018-NL-RC/Lab9_Ex1/Lab9_Ex1.ucf:21]
CRITICAL WARNING: [Constraints 18-11] Could not find net or pin 'anO[1]' [/home/nick/git-repos/Physics301-Fall2018-NL-RC/Lab9_Ex1/Lab9_Ex1.ucf:22]
CRITICAL WARNING: [Constraints 18-11] Could not find net or pin 'anO[2]' [/home/nick/git-repos/Physics301-Fall2018-NL-RC/Lab9_Ex1/Lab9_Ex1.ucf:23]
CRITICAL WARNING: [Constraints 18-11] Could not find net or pin 'anO[3]' [/home/nick/git-repos/Physics301-Fall2018-NL-RC/Lab9_Ex1/Lab9_Ex1.ucf:24]
CRITICAL WARNING: [Constraints 18-11] Could not find net or pin 'sseg[0]' [/home/nick/git-repos/Physics301-Fall2018-NL-RC/Lab9_Ex1/Lab9_Ex1.ucf:28]
CRITICAL WARNING: [Constraints 18-11] Could not find net or pin 'sseg[1]' [/home/nick/git-repos/Physics301-Fall2018-NL-RC/Lab9_Ex1/Lab9_Ex1.ucf:29]
CRITICAL WARNING: [Constraints 18-11] Could not find net or pin 'sseg[2]' [/home/nick/git-repos/Physics301-Fall2018-NL-RC/Lab9_Ex1/Lab9_Ex1.ucf:30]
CRITICAL WARNING: [Constraints 18-11] Could not find net or pin 'sseg[3]' [/home/nick/git-repos/Physics301-Fall2018-NL-RC/Lab9_Ex1/Lab9_Ex1.ucf:31]
CRITICAL WARNING: [Constraints 18-11] Could not find net or pin 'sseg[4]' [/home/nick/git-repos/Physics301-Fall2018-NL-RC/Lab9_Ex1/Lab9_Ex1.ucf:32]
CRITICAL WARNING: [Constraints 18-11] Could not find net or pin 'sseg[5]' [/home/nick/git-repos/Physics301-Fall2018-NL-RC/Lab9_Ex1/Lab9_Ex1.ucf:33]
CRITICAL WARNING: [Constraints 18-11] Could not find net or pin 'sseg[6]' [/home/nick/git-repos/Physics301-Fall2018-NL-RC/Lab9_Ex1/Lab9_Ex1.ucf:34]
CRITICAL WARNING: [Constraints 18-11] Could not find net or pin 'sseg[7]' [/home/nick/git-repos/Physics301-Fall2018-NL-RC/Lab9_Ex1/Lab9_Ex1.ucf:35]
Finished Parsing UCF File [/home/nick/git-repos/Physics301-Fall2018-NL-RC/Lab9_Ex1/Lab9_Ex1.ucf]
INFO: [Designutils 20-20] Invalid constraints found, use command 'write_ucf -constraints invalid <file>' to save all the invalid constraints to a file
INFO: [Project 1-111] Unisim Transformation Summary:
No Unisim elements were transformed.

Phase 0 | Netlist Checksum: 35672da3
link_design: Time (s): cpu = 00:00:13 ; elapsed = 00:00:06 . Memory (MB): peak = 2814.602 ; gain = 121.398
startgroup
set_property package_pin A7 [get_ports Blocked]
endgroup
startgroup
set_property package_pin G12 [get_ports CloseButton]
endgroup
startgroup
set_property package_pin C11 [get_ports OpenButton]
endgroup
save_constraints
exit
ERROR: [Common 17-39] 'stop_gui' failed due to earlier errors.
INFO: [Common 17-206] Exiting PlanAhead at Tue Nov  6 15:41:19 2018...
INFO: [Common 17-83] Releasing license: PlanAhead
