Release 14.6 - ngc2edif P.68d (lin64)
Copyright (c) 1995-2013 Xilinx, Inc.  All rights reserved.
Reading design Exp1.ngc ...
WARNING:NetListWriters:298 - No output is written to Exp1.xncf, ignored.
Processing design ...
   Preping design's networks ...
   Preping design's macros ...
  finished :Prep
Writing EDIF netlist file Exp1.edif ...
ngc2edif: Total memory usage is 104748 kilobytes

Release 14.6 - ngc2edif P.68d (lin64)
Copyright (c) 1995-2013 Xilinx, Inc.  All rights reserved.
Reading design Exp1.ngc ...
WARNING:NetListWriters:298 - No output is written to Exp1.xncf, ignored.
Processing design ...
   Preping design's networks ...
   Preping design's macros ...
WARNING:NetListWriters:306 - Signal bus
   XLXI_15/XLXI_10/Mcompar_cnt1k_cmp_gt0000_lut<11 : 0> on block Exp1 is not
   reconstructed, because there are some missing bus signals.
WARNING:NetListWriters:306 - Signal bus XLXI_8/Mcompar_cnt1_cmp_gt0000_lut<11 :
   0> on block Exp1 is not reconstructed, because there are some missing bus
   signals.
WARNING:NetListWriters:306 - Signal bus XLXI_8/Mcompar_cnt1k_cmp_gt0000_lut<11 :
   0> on block Exp1 is not reconstructed, because there are some missing bus
   signals.
  finished :Prep
Writing EDIF netlist file Exp1.edif ...
ngc2edif: Total memory usage is 106812 kilobytes

