Release 14.6 - ngc2edif P.68d (lin64)
Copyright (c) 1995-2013 Xilinx, Inc.  All rights reserved.
Reading design Lab7_Exp6.ngc ...
WARNING:NetListWriters:298 - No output is written to Lab7_Exp6.xncf, ignored.
Processing design ...
   Preping design's networks ...
   Preping design's macros ...
  finished :Prep
Writing EDIF netlist file Lab7_Exp6.edif ...
ngc2edif: Total memory usage is 104444 kilobytes

Release 14.6 - ngc2edif P.68d (lin64)
Copyright (c) 1995-2013 Xilinx, Inc.  All rights reserved.
Reading design Lab7_Exp6.ngc ...
WARNING:NetListWriters:298 - No output is written to Lab7_Exp6.xncf, ignored.
Processing design ...
   Preping design's networks ...
   Preping design's macros ...
  finished :Prep
Writing EDIF netlist file Lab7_Exp6.edif ...
ngc2edif: Total memory usage is 104444 kilobytes

Release 14.6 - ngc2edif P.68d (lin64)
Copyright (c) 1995-2013 Xilinx, Inc.  All rights reserved.
Reading design Lab7_Exp6.ngc ...
WARNING:NetListWriters:298 - No output is written to Lab7_Exp6.xncf, ignored.
Processing design ...
   Preping design's networks ...
   Preping design's macros ...
  finished :Prep
Writing EDIF netlist file Lab7_Exp6.edif ...
ngc2edif: Total memory usage is 104444 kilobytes

Release 14.6 - ngc2edif P.68d (lin64)
Copyright (c) 1995-2013 Xilinx, Inc.  All rights reserved.
Reading design Lab7_Exp6.ngc ...
WARNING:NetListWriters:298 - No output is written to Lab7_Exp6.xncf, ignored.
Processing design ...
   Preping design's networks ...
   Preping design's macros ...
  finished :Prep
Writing EDIF netlist file Lab7_Exp6.edif ...
ngc2edif: Total memory usage is 104448 kilobytes

