Release 14.6 Map P.68d (lin64)
Xilinx Mapping Report File for Design 'Exp6'

Design Information
------------------
Command Line   : map -intstyle ise -p xc3s100e-cp132-4 -cm area -ir off -pr off
-c 100 -o Exp6_map.ncd Exp6.ngd Exp6.pcf 
Target Device  : xc3s100e
Target Package : cp132
Target Speed   : -4
Mapper Version : spartan3e -- $Revision: 1.55 $
Mapped Date    : Thu Nov 15 14:44:03 2018

Design Summary
--------------
Number of errors:      0
Number of warnings:    0
Logic Utilization:
  Number of Slice Flip Flops:           101 out of   1,920    5%
  Number of 4 input LUTs:               112 out of   1,920    5%
Logic Distribution:
  Number of occupied Slices:            134 out of     960   13%
    Number of Slices containing only related logic:     134 out of     134 100%
    Number of Slices containing unrelated logic:          0 out of     134   0%
      *See NOTES below for an explanation of the effects of unrelated logic.
  Total Number of 4 input LUTs:         239 out of   1,920   12%
    Number used as logic:               112
    Number used as a route-thru:        127

  The Slice Logic Distribution report is not meaningful if the design is
  over-mapped for a non-slice resource or if Placement fails.

  Number of bonded IOBs:                 15 out of      83   18%
  Number of BUFGMUXs:                     4 out of      24   16%

  Number of RPM macros:            7
Average Fanout of Non-Clock Nets:                2.22

Peak Memory Usage:  578 MB
Total REAL time to MAP completion:  1 secs 
Total CPU time to MAP completion:   1 secs 

NOTES:

   Related logic is defined as being logic that shares connectivity - e.g. two
   LUTs are "related" if they share common inputs.  When assembling slices,
   Map gives priority to combine logic that is related.  Doing so results in
   the best timing performance.

   Unrelated logic shares no connectivity.  Map will only begin packing
   unrelated logic into a slice once 99% of the slices are occupied through
   related logic packing.

   Note that once logic distribution reaches the 99% level through related
   logic packing, this does not mean the device is completely utilized.
   Unrelated logic packing will then begin, continuing until all usable LUTs
   and FFs are occupied.  Depending on your timing budget, increased levels of
   unrelated logic packing may adversely affect the overall timing performance
   of your design.

Table of Contents
-----------------
Section 1 - Errors
Section 2 - Warnings
Section 3 - Informational
Section 4 - Removed Logic Summary
Section 5 - Removed Logic
Section 6 - IOB Properties
Section 7 - RPMs
Section 8 - Guide Report
Section 9 - Area Group and Partition Summary
Section 10 - Timing Report
Section 11 - Configuration String Information
Section 12 - Control Set Information
Section 13 - Utilization by Hierarchy

Section 1 - Errors
------------------

Section 2 - Warnings
--------------------

Section 3 - Informational
-------------------------
INFO:LIT:243 - Logical network XLXI_79/OFL has no load.
INFO:LIT:395 - The above info message is repeated 1 more times for the following
   (max. 5 shown):
   XLXI_3/CEO
   To see the details of these info messages, please use the -detail switch.
INFO:MapLib:562 - No environment variables are currently set.
INFO:LIT:244 - All of the single ended outputs in this design are using slew
   rate limited output drivers. The delay on speed critical single ended outputs
   can be dramatically reduced by designating them as fast outputs.

Section 4 - Removed Logic Summary
---------------------------------
  12 block(s) removed
 131 block(s) optimized away
  29 signal(s) removed

Section 5 - Removed Logic
-------------------------

The trimmed logic report below shows the logic removed from your design due to
sourceless or loadless signals, and VCC or ground connections.  If the removal
of a signal or symbol results in the subsequent removal of an additional signal
or symbol, the message explaining that second removal will be indented.  This
indentation will be repeated as a chain of related logic is removed.

To quickly locate the original cause for the removal of a chain of logic, look
above the place where that logic is listed in the trimming report, then locate
the lines that are least indented (begin at the leftmost edge).

The signal "XLXI_79/CO" is sourceless and has been removed.
 Sourceless block "XLXI_79/I_36_221" (XOR) removed.
  The signal "XLXI_79/OFL" is sourceless and has been removed.
The signal "XLXI_79/dummy" is sourceless and has been removed.
The signal "XLXI_3/CEO" is sourceless and has been removed.
The signal "XLXI_3/OR_CE_L" is sourceless and has been removed.
The signal "XLXI_3/T2_DN" is sourceless and has been removed.
The signal "XLXI_3/T3_DN" is sourceless and has been removed.
The signal "XLXI_3/TC" is sourceless and has been removed.
 Sourceless block "XLXI_3/I_36_50" (AND) removed.
The signal "XLXI_3/TC_DN" is sourceless and has been removed.
 Sourceless block "XLXI_3/I_TC/I_36_7" (AND) removed.
  The signal "XLXI_3/I_TC/M0" is sourceless and has been removed.
   Sourceless block "XLXI_3/I_TC/I_36_8" (OR) removed.
The signal "XLXI_3/TC_UP" is sourceless and has been removed.
 Sourceless block "XLXI_3/I_TC/I_36_9" (AND) removed.
  The signal "XLXI_3/I_TC/M1" is sourceless and has been removed.
The signal "XLXI_164/XLXI_19/M23" is sourceless and has been removed.
The signal "XLXI_164/XLXI_26/M23" is sourceless and has been removed.
The signal "XLXI_164/XLXI_27/M01" is sourceless and has been removed.
The signal "XLXI_164/XLXI_27/M23" is sourceless and has been removed.
The signal "XLXI_164/XLXI_28/M01" is sourceless and has been removed.
The signal "XLXI_164/XLXI_28/M23" is sourceless and has been removed.
The signal "XLXI_164/XLXI_29/M01" is sourceless and has been removed.
The signal "XLXI_164/XLXI_29/M23" is sourceless and has been removed.
The signal "XLXI_164/XLXI_30/M01" is sourceless and has been removed.
The signal "XLXI_164/XLXI_30/M23" is sourceless and has been removed.
The signal "XLXI_164/XLXI_31/M01" is sourceless and has been removed.
The signal "XLXI_164/XLXI_31/M23" is sourceless and has been removed.
The signal "XLXI_164/XLXI_32/M01" is sourceless and has been removed.
The signal "XLXI_164/XLXI_32/M23" is sourceless and has been removed.

The trimmed logic reported below is either:
   1. part of a cycle
   2. part of disabled logic
   3. a side-effect of other trimmed logic

The signal "XLXI_89/XLXI_1/Mrom_b11_mux0000" is unused and has been removed.
The signal "XLXI_89/XLXI_1/Mrom_b11_mux00001" is unused and has been removed.
The signal "XLXI_89/XLXI_1/Mrom_b11_mux00002" is unused and has been removed.
Unused block "XLXI_2" (PULLDOWN) removed.
Unused block "XLXI_3/I_36_10" (AND) removed.
Unused block "XLXI_3/I_36_11" (AND) removed.
Unused block "XLXI_3/I_36_16" (AND) removed.
Unused block "XLXI_3/I_36_3" (AND) removed.
Unused block "XLXI_79/XST_GND" (ZERO) removed.
Unused block "XLXI_79/I_36_64" (MUX) removed.

Optimized Block(s):
TYPE 		BLOCK
PULLUP 		XLXI_1
FDCE 		XLXI_129/I_Q4
   optimized to 0
FDCE 		XLXI_129/I_Q5
   optimized to 0
FDCE 		XLXI_129/I_Q6
   optimized to 0
FDCE 		XLXI_129/I_Q7
   optimized to 0
AND3 		XLXI_136/XLXI_19/I_M23/I_36_30
AND3B1 		XLXI_136/XLXI_19/I_M23/I_36_31
OR2 		XLXI_136/XLXI_19/I_M23/I_36_38
AND3 		XLXI_136/XLXI_26/I_M01/I_36_30
AND3 		XLXI_136/XLXI_26/I_M23/I_36_30
AND3B1 		XLXI_136/XLXI_26/I_M23/I_36_31
OR2 		XLXI_136/XLXI_26/I_M23/I_36_38
AND3 		XLXI_136/XLXI_27/I_M01/I_36_30
AND3B1 		XLXI_136/XLXI_27/I_M01/I_36_31
OR2 		XLXI_136/XLXI_27/I_M01/I_36_38
AND3B1 		XLXI_136/XLXI_27/I_M23/I_36_31
AND3 		XLXI_136/XLXI_28/I_M01/I_36_30
AND3B1 		XLXI_136/XLXI_28/I_M01/I_36_31
OR2 		XLXI_136/XLXI_28/I_M01/I_36_38
AND3 		XLXI_136/XLXI_28/I_M23/I_36_30
AND3B1 		XLXI_136/XLXI_28/I_M23/I_36_31
OR2 		XLXI_136/XLXI_28/I_M23/I_36_38
AND3 		XLXI_136/XLXI_29/I_M01/I_36_30
AND3B1 		XLXI_136/XLXI_29/I_M01/I_36_31
OR2 		XLXI_136/XLXI_29/I_M01/I_36_38
AND3 		XLXI_136/XLXI_29/I_M23/I_36_30
AND3B1 		XLXI_136/XLXI_29/I_M23/I_36_31
OR2 		XLXI_136/XLXI_29/I_M23/I_36_38
AND3 		XLXI_136/XLXI_30/I_M01/I_36_30
AND3B1 		XLXI_136/XLXI_30/I_M01/I_36_31
OR2 		XLXI_136/XLXI_30/I_M01/I_36_38
AND3 		XLXI_136/XLXI_30/I_M23/I_36_30
AND3B1 		XLXI_136/XLXI_30/I_M23/I_36_31
OR2 		XLXI_136/XLXI_30/I_M23/I_36_38
AND3 		XLXI_136/XLXI_31/I_M01/I_36_30
AND3B1 		XLXI_136/XLXI_31/I_M01/I_36_31
OR2 		XLXI_136/XLXI_31/I_M01/I_36_38
AND3 		XLXI_136/XLXI_31/I_M23/I_36_30
AND3B1 		XLXI_136/XLXI_31/I_M23/I_36_31
OR2 		XLXI_136/XLXI_31/I_M23/I_36_38
AND3 		XLXI_136/XLXI_32/I_M01/I_36_30
AND3B1 		XLXI_136/XLXI_32/I_M01/I_36_31
OR2 		XLXI_136/XLXI_32/I_M01/I_36_38
AND3 		XLXI_136/XLXI_32/I_M23/I_36_30
AND3B1 		XLXI_136/XLXI_32/I_M23/I_36_31
OR2 		XLXI_136/XLXI_32/I_M23/I_36_38
AND3B1 		XLXI_164/XLXI_19/I_M01/I_36_31
AND3 		XLXI_164/XLXI_19/I_M23/I_36_30
AND3B1 		XLXI_164/XLXI_19/I_M23/I_36_31
OR2 		XLXI_164/XLXI_19/I_M23/I_36_38
AND3 		XLXI_164/XLXI_26/I_M01/I_36_30
AND3 		XLXI_164/XLXI_26/I_M23/I_36_30
AND3B1 		XLXI_164/XLXI_26/I_M23/I_36_31
OR2 		XLXI_164/XLXI_26/I_M23/I_36_38
AND3 		XLXI_164/XLXI_27/I_M01/I_36_30
AND3B1 		XLXI_164/XLXI_27/I_M01/I_36_31
OR2 		XLXI_164/XLXI_27/I_M01/I_36_38
AND3 		XLXI_164/XLXI_27/I_M23/I_36_30
AND3B1 		XLXI_164/XLXI_27/I_M23/I_36_31
OR2 		XLXI_164/XLXI_27/I_M23/I_36_38
MUXF5 		XLXI_164/XLXI_27/I_O
AND3 		XLXI_164/XLXI_28/I_M01/I_36_30
AND3B1 		XLXI_164/XLXI_28/I_M01/I_36_31
OR2 		XLXI_164/XLXI_28/I_M01/I_36_38
AND3 		XLXI_164/XLXI_28/I_M23/I_36_30
AND3B1 		XLXI_164/XLXI_28/I_M23/I_36_31
OR2 		XLXI_164/XLXI_28/I_M23/I_36_38
MUXF5 		XLXI_164/XLXI_28/I_O
AND3 		XLXI_164/XLXI_29/I_M01/I_36_30
AND3B1 		XLXI_164/XLXI_29/I_M01/I_36_31
OR2 		XLXI_164/XLXI_29/I_M01/I_36_38
AND3 		XLXI_164/XLXI_29/I_M23/I_36_30
AND3B1 		XLXI_164/XLXI_29/I_M23/I_36_31
OR2 		XLXI_164/XLXI_29/I_M23/I_36_38
MUXF5 		XLXI_164/XLXI_29/I_O
AND3 		XLXI_164/XLXI_30/I_M01/I_36_30
AND3B1 		XLXI_164/XLXI_30/I_M01/I_36_31
OR2 		XLXI_164/XLXI_30/I_M01/I_36_38
AND3 		XLXI_164/XLXI_30/I_M23/I_36_30
AND3B1 		XLXI_164/XLXI_30/I_M23/I_36_31
OR2 		XLXI_164/XLXI_30/I_M23/I_36_38
MUXF5 		XLXI_164/XLXI_30/I_O
AND3 		XLXI_164/XLXI_31/I_M01/I_36_30
AND3B1 		XLXI_164/XLXI_31/I_M01/I_36_31
OR2 		XLXI_164/XLXI_31/I_M01/I_36_38
AND3 		XLXI_164/XLXI_31/I_M23/I_36_30
AND3B1 		XLXI_164/XLXI_31/I_M23/I_36_31
OR2 		XLXI_164/XLXI_31/I_M23/I_36_38
MUXF5 		XLXI_164/XLXI_31/I_O
AND3 		XLXI_164/XLXI_32/I_M01/I_36_30
AND3B1 		XLXI_164/XLXI_32/I_M01/I_36_31
OR2 		XLXI_164/XLXI_32/I_M01/I_36_38
AND3 		XLXI_164/XLXI_32/I_M23/I_36_30
AND3B1 		XLXI_164/XLXI_32/I_M23/I_36_31
OR2 		XLXI_164/XLXI_32/I_M23/I_36_38
MUXF5 		XLXI_164/XLXI_32/I_O
VCC 		XLXI_3/I_36_1
OR2 		XLXI_3/I_36_60
AND2 		XLXI_3/I_Q0/I_36_30/I_36_9
AND2 		XLXI_3/I_Q1/I_36_30/I_36_9
AND2 		XLXI_3/I_Q2/I_36_30/I_36_9
AND2 		XLXI_3/I_Q3/I_36_30/I_36_9
AND2B2 		XLXI_3/I_T1/I_36_7
AND2B1 		XLXI_3/I_T2/I_36_7
AND2B1 		XLXI_3/I_T3/I_36_7
AND2 		XLXI_87/XLXI_13/I_36_9
AND2 		XLXI_87/XLXI_14/I_36_9
AND2 		XLXI_87/XLXI_15/I_36_9
AND2 		XLXI_87/XLXI_16/I_36_9
PULLDOWN 		XLXI_87/XLXI_17
PULLUP 		XLXI_87/XLXI_18
AND2 		XLXI_87/XLXI_2/I_36_9
AND2 		XLXI_87/XLXI_4/I_36_9
FDCP 		XLXI_89/XLXI_1/Dout1_1
   optimized to 0
FDCP 		XLXI_89/XLXI_1/Dout1_2
   optimized to 0
FDCP 		XLXI_89/XLXI_1/Dout1_3
   optimized to 0
LUT4 		XLXI_89/XLXI_1/Mrom_b11_mux000011
   optimized to 0
LUT4 		XLXI_89/XLXI_1/Mrom_b11_mux0000111
   optimized to 0
LUT4 		XLXI_89/XLXI_1/Mrom_b11_mux000021
   optimized to 0
LUT4 		XLXI_89/XLXI_1/Mrom_b4_mux000011
   optimized to 0
LUT4 		XLXI_89/XLXI_1/Mrom_b4_mux0000111
   optimized to 0
LUT4 		XLXI_89/XLXI_1/Mrom_b4_mux000021
   optimized to 0
LUT4 		XLXI_89/XLXI_1/Mrom_b4_mux000031
   optimized to 0
LUT4 		XLXI_89/XLXI_1/Mrom_b6_mux0000111
   optimized to 0
LUT4 		XLXI_89/XLXI_1/Mrom_b6_mux000021
   optimized to 0
LUT4 		XLXI_89/XLXI_1/Mrom_b6_mux000031
   optimized to 0
LUT4 		XLXI_89/XLXI_1/Mrom_b8_mux000021
   optimized to 0
LUT4 		XLXI_89/XLXI_1/Mrom_b8_mux000031
   optimized to 0
LUT3 		XLXI_89/XLXI_1/Mrom_b_mux000031
   optimized to 0
GND 		XST_GND
VCC 		XST_VCC

To enable printing of redundant blocks removed and signals merged, set the
detailed map report option and rerun map.

Section 6 - IOB Properties
--------------------------

+---------------------------------------------------------------------------------------------------------------------------------------------------------+
| IOB Name                           | Type             | Direction | IO Standard          | Diff  | Drive    | Slew | Reg (s)      | Resistor | IOB      |
|                                    |                  |           |                      | Term  | Strength | Rate |              |          | Delay    |
+---------------------------------------------------------------------------------------------------------------------------------------------------------+
| CLK                                | IBUF             | INPUT     | LVCMOS25             |       |          |      |              |          | 0 / 0    |
| CLR                                | IBUF             | INPUT     | LVCMOS25             |       |          |      |              |          | 0 / 0    |
| SYS_CLK                            | IBUF             | INPUT     | LVCMOS25             |       |          |      |              |          | 0 / 0    |
| anO<0>                             | IOB              | OUTPUT    | LVCMOS25             |       | 12       | SLOW |              |          | 0 / 0    |
| anO<1>                             | IOB              | OUTPUT    | LVCMOS25             |       | 12       | SLOW |              |          | 0 / 0    |
| anO<2>                             | IOB              | OUTPUT    | LVCMOS25             |       | 12       | SLOW |              |          | 0 / 0    |
| anO<3>                             | IOB              | OUTPUT    | LVCMOS25             |       | 12       | SLOW |              |          | 0 / 0    |
| sseg<0>                            | IOB              | OUTPUT    | LVCMOS25             |       | 12       | SLOW |              |          | 0 / 0    |
| sseg<1>                            | IOB              | OUTPUT    | LVCMOS25             |       | 12       | SLOW |              |          | 0 / 0    |
| sseg<2>                            | IOB              | OUTPUT    | LVCMOS25             |       | 12       | SLOW |              |          | 0 / 0    |
| sseg<3>                            | IOB              | OUTPUT    | LVCMOS25             |       | 12       | SLOW |              |          | 0 / 0    |
| sseg<4>                            | IOB              | OUTPUT    | LVCMOS25             |       | 12       | SLOW |              |          | 0 / 0    |
| sseg<5>                            | IOB              | OUTPUT    | LVCMOS25             |       | 12       | SLOW |              |          | 0 / 0    |
| sseg<6>                            | IOB              | OUTPUT    | LVCMOS25             |       | 12       | SLOW |              |          | 0 / 0    |
| sseg<7>                            | IOB              | OUTPUT    | LVCMOS25             |       | 12       | SLOW |              |          | 0 / 0    |
+---------------------------------------------------------------------------------------------------------------------------------------------------------+

Section 7 - RPMs
----------------
XLXI_146_22                             
XLXI_147_23                             
XLXI_3/XLXI_3_I_Q0_14                   
XLXI_3/XLXI_3_I_Q1_13                   
XLXI_3/XLXI_3_I_Q2_12                   
XLXI_3/XLXI_3_I_Q3_11                   
XLXI_79_21                              

Section 8 - Guide Report
------------------------
Guide not run on this design.

Section 9 - Area Group and Partition Summary
--------------------------------------------

Partition Implementation Status
-------------------------------

  No Partitions were found in this design.

-------------------------------

Area Group Information
----------------------

  No area groups were found in this design.

----------------------

Section 10 - Timing Report
--------------------------
This design was not run using timing mode.

Section 11 - Configuration String Details
-----------------------------------------
Use the "-detail" map option to print out Configuration Strings

Section 12 - Control Set Information
------------------------------------
No control set information for this architecture.

Section 13 - Utilization by Hierarchy
-------------------------------------
Use the "-detail" map option to print out the Utilization by Hierarchy section.
