Release 14.6 - xst P.68d (lin64)
Copyright (c) 1995-2013 Xilinx, Inc.  All rights reserved.
--> 
Parameter TMPDIR set to xst/projnav.tmp


Total REAL time to Xst completion: 0.00 secs
Total CPU time to Xst completion: 0.03 secs
 
--> 
Parameter xsthdpdir set to xst


Total REAL time to Xst completion: 0.00 secs
Total CPU time to Xst completion: 0.03 secs
 
--> 
Reading design: Exp2.prj

TABLE OF CONTENTS
  1) Synthesis Options Summary
  2) HDL Compilation
  3) Design Hierarchy Analysis
  4) HDL Analysis
  5) HDL Synthesis
     5.1) HDL Synthesis Report
  6) Advanced HDL Synthesis
     6.1) Advanced HDL Synthesis Report
  7) Low Level Synthesis
  8) Partition Report
  9) Final Report
	9.1) Device utilization summary
	9.2) Partition Resource Summary
	9.3) TIMING REPORT


=========================================================================
*                      Synthesis Options Summary                        *
=========================================================================
---- Source Parameters
Input File Name                    : "Exp2.prj"
Input Format                       : mixed
Ignore Synthesis Constraint File   : NO

---- Target Parameters
Output File Name                   : "Exp2"
Output Format                      : NGC
Target Device                      : xc3s100e-4-cp132

---- Source Options
Top Module Name                    : Exp2
Automatic FSM Extraction           : YES
FSM Encoding Algorithm             : Auto
Safe Implementation                : No
FSM Style                          : LUT
RAM Extraction                     : Yes
RAM Style                          : Auto
ROM Extraction                     : Yes
Mux Style                          : Auto
Decoder Extraction                 : YES
Priority Encoder Extraction        : Yes
Shift Register Extraction          : YES
Logical Shifter Extraction         : YES
XOR Collapsing                     : YES
ROM Style                          : Auto
Mux Extraction                     : Yes
Resource Sharing                   : YES
Asynchronous To Synchronous        : NO
Multiplier Style                   : Auto
Automatic Register Balancing       : No

---- Target Options
Add IO Buffers                     : YES
Global Maximum Fanout              : 100000
Add Generic Clock Buffer(BUFG)     : 24
Register Duplication               : YES
Slice Packing                      : YES
Optimize Instantiated Primitives   : NO
Use Clock Enable                   : Yes
Use Synchronous Set                : Yes
Use Synchronous Reset              : Yes
Pack IO Registers into IOBs        : Auto
Equivalent register Removal        : YES

---- General Options
Optimization Goal                  : Speed
Optimization Effort                : 1
Keep Hierarchy                     : No
Netlist Hierarchy                  : As_Optimized
RTL Output                         : Yes
Global Optimization                : AllClockNets
Read Cores                         : YES
Write Timing Constraints           : NO
Cross Clock Analysis               : NO
Hierarchy Separator                : /
Bus Delimiter                      : <>
Case Specifier                     : Maintain
Slice Utilization Ratio            : 100
BRAM Utilization Ratio             : 100
Verilog 2001                       : YES
Auto BRAM Packing                  : NO
Slice Utilization Ratio Delta      : 5

=========================================================================


=========================================================================
*                          HDL Compilation                              *
=========================================================================
Compiling vhdl file "/home/nick/git-repos/Physics301-Fall2018-NL-RC/Lab9/Exp2/Exp2.vhf" in Library work.
Entity <d2_4e_mxilinx_exp2> compiled.
Entity <d2_4e_mxilinx_exp2> (Architecture <behavioral>) compiled.
Entity <m2_1b1_mxilinx_exp2> compiled.
Entity <m2_1b1_mxilinx_exp2> (Architecture <behavioral>) compiled.
Entity <m2_1_mxilinx_exp2> compiled.
Entity <m2_1_mxilinx_exp2> (Architecture <behavioral>) compiled.
Entity <ftclex_mxilinx_exp2> compiled.
Entity <ftclex_mxilinx_exp2> (Architecture <behavioral>) compiled.
Entity <cb4cled_mxilinx_exp2> compiled.
Entity <cb4cled_mxilinx_exp2> (Architecture <behavioral>) compiled.
Entity <fjkce_mxilinx_exp2> compiled.
Entity <fjkce_mxilinx_exp2> (Architecture <behavioral>) compiled.
Entity <exp2> compiled.
Entity <exp2> (Architecture <behavioral>) compiled.

=========================================================================
*                     Design Hierarchy Analysis                         *
=========================================================================
Analyzing hierarchy for entity <Exp2> in library <work> (architecture <behavioral>).

Analyzing hierarchy for entity <CB4CLED_MXILINX_Exp2> in library <work> (architecture <behavioral>).

Analyzing hierarchy for entity <FJKCE_MXILINX_Exp2> in library <work> (architecture <behavioral>) with generics.
	INIT = '0'

Analyzing hierarchy for entity <D2_4E_MXILINX_Exp2> in library <work> (architecture <behavioral>).

Analyzing hierarchy for entity <FTCLEX_MXILINX_Exp2> in library <work> (architecture <behavioral>) with generics.
	INIT = '0'

Analyzing hierarchy for entity <M2_1_MXILINX_Exp2> in library <work> (architecture <behavioral>).

Analyzing hierarchy for entity <M2_1B1_MXILINX_Exp2> in library <work> (architecture <behavioral>).


=========================================================================
*                            HDL Analysis                               *
=========================================================================
Analyzing Entity <Exp2> in library <work> (Architecture <behavioral>).
WARNING:Xst:753 - "/home/nick/git-repos/Physics301-Fall2018-NL-RC/Lab9/Exp2/Exp2.vhf" line 783: Unconnected output port 'CEO' of component 'CB4CLED_MXILINX_Exp2'.
    Set user-defined property "HU_SET =  XLXI_1_11" for instance <XLXI_1> in unit <Exp2>.
    Set user-defined property "HU_SET =  XLXI_2_9" for instance <XLXI_2> in unit <Exp2>.
    Set user-defined property "HU_SET =  XLXI_3_10" for instance <XLXI_3> in unit <Exp2>.
    Set user-defined property "HU_SET =  XLXI_13_12" for instance <XLXI_13> in unit <Exp2>.
Entity <Exp2> analyzed. Unit <Exp2> generated.

Analyzing Entity <CB4CLED_MXILINX_Exp2> in library <work> (Architecture <behavioral>).
    Set user-defined property "HU_SET =  I_Q0_4" for instance <I_Q0> in unit <CB4CLED_MXILINX_Exp2>.
    Set user-defined property "HU_SET =  I_Q1_3" for instance <I_Q1> in unit <CB4CLED_MXILINX_Exp2>.
    Set user-defined property "HU_SET =  I_Q2_2" for instance <I_Q2> in unit <CB4CLED_MXILINX_Exp2>.
    Set user-defined property "HU_SET =  I_Q3_1" for instance <I_Q3> in unit <CB4CLED_MXILINX_Exp2>.
    Set user-defined property "HU_SET =  I_TC_7" for instance <I_TC> in unit <CB4CLED_MXILINX_Exp2>.
    Set user-defined property "HU_SET =  I_T1_8" for instance <I_T1> in unit <CB4CLED_MXILINX_Exp2>.
    Set user-defined property "HU_SET =  I_T2_5" for instance <I_T2> in unit <CB4CLED_MXILINX_Exp2>.
    Set user-defined property "HU_SET =  I_T3_6" for instance <I_T3> in unit <CB4CLED_MXILINX_Exp2>.
Entity <CB4CLED_MXILINX_Exp2> analyzed. Unit <CB4CLED_MXILINX_Exp2> generated.

Analyzing generic Entity <FTCLEX_MXILINX_Exp2> in library <work> (Architecture <behavioral>).
	INIT = '0'
    Set user-defined property "HU_SET =  I_36_30_0" for instance <I_36_30> in unit <FTCLEX_MXILINX_Exp2>.
    Set user-defined property "INIT =  0" for instance <I_36_35> in unit <FTCLEX_MXILINX_Exp2>.
    Set user-defined property "RLOC =  X0Y0" for instance <I_36_35> in unit <FTCLEX_MXILINX_Exp2>.
Entity <FTCLEX_MXILINX_Exp2> analyzed. Unit <FTCLEX_MXILINX_Exp2> generated.

Analyzing Entity <M2_1_MXILINX_Exp2> in library <work> (Architecture <behavioral>).
Entity <M2_1_MXILINX_Exp2> analyzed. Unit <M2_1_MXILINX_Exp2> generated.

Analyzing Entity <M2_1B1_MXILINX_Exp2> in library <work> (Architecture <behavioral>).
Entity <M2_1B1_MXILINX_Exp2> analyzed. Unit <M2_1B1_MXILINX_Exp2> generated.

Analyzing generic Entity <FJKCE_MXILINX_Exp2> in library <work> (Architecture <behavioral>).
	INIT = '0'
    Set user-defined property "INIT =  0" for instance <I_36_32> in unit <FJKCE_MXILINX_Exp2>.
    Set user-defined property "RLOC =  X0Y0" for instance <I_36_32> in unit <FJKCE_MXILINX_Exp2>.
Entity <FJKCE_MXILINX_Exp2> analyzed. Unit <FJKCE_MXILINX_Exp2> generated.

Analyzing Entity <D2_4E_MXILINX_Exp2> in library <work> (Architecture <behavioral>).
Entity <D2_4E_MXILINX_Exp2> analyzed. Unit <D2_4E_MXILINX_Exp2> generated.


=========================================================================
*                           HDL Synthesis                               *
=========================================================================

Performing bidirectional port resolution...

Synthesizing Unit <FJKCE_MXILINX_Exp2>.
    Related source file is "/home/nick/git-repos/Physics301-Fall2018-NL-RC/Lab9/Exp2/Exp2.vhf".
Unit <FJKCE_MXILINX_Exp2> synthesized.


Synthesizing Unit <D2_4E_MXILINX_Exp2>.
    Related source file is "/home/nick/git-repos/Physics301-Fall2018-NL-RC/Lab9/Exp2/Exp2.vhf".
Unit <D2_4E_MXILINX_Exp2> synthesized.


Synthesizing Unit <M2_1_MXILINX_Exp2>.
    Related source file is "/home/nick/git-repos/Physics301-Fall2018-NL-RC/Lab9/Exp2/Exp2.vhf".
Unit <M2_1_MXILINX_Exp2> synthesized.


Synthesizing Unit <M2_1B1_MXILINX_Exp2>.
    Related source file is "/home/nick/git-repos/Physics301-Fall2018-NL-RC/Lab9/Exp2/Exp2.vhf".
Unit <M2_1B1_MXILINX_Exp2> synthesized.


Synthesizing Unit <FTCLEX_MXILINX_Exp2>.
    Related source file is "/home/nick/git-repos/Physics301-Fall2018-NL-RC/Lab9/Exp2/Exp2.vhf".
Unit <FTCLEX_MXILINX_Exp2> synthesized.


Synthesizing Unit <CB4CLED_MXILINX_Exp2>.
    Related source file is "/home/nick/git-repos/Physics301-Fall2018-NL-RC/Lab9/Exp2/Exp2.vhf".
Unit <CB4CLED_MXILINX_Exp2> synthesized.


Synthesizing Unit <Exp2>.
    Related source file is "/home/nick/git-repos/Physics301-Fall2018-NL-RC/Lab9/Exp2/Exp2.vhf".
WARNING:Xst:653 - Signal <XLXI_3_CLR_openSignal> is used but never assigned. This sourceless signal will be automatically connected to value 0.
WARNING:Xst:653 - Signal <XLXI_2_CLR_openSignal> is used but never assigned. This sourceless signal will be automatically connected to value 0.
WARNING:Xst:653 - Signal <XLXI_1_L_openSignal> is used but never assigned. This sourceless signal will be automatically connected to value 0.
WARNING:Xst:653 - Signal <XLXI_1_D3_openSignal> is used but never assigned. This sourceless signal will be automatically connected to value 0.
WARNING:Xst:653 - Signal <XLXI_1_D2_openSignal> is used but never assigned. This sourceless signal will be automatically connected to value 0.
WARNING:Xst:653 - Signal <XLXI_1_D1_openSignal> is used but never assigned. This sourceless signal will be automatically connected to value 0.
WARNING:Xst:653 - Signal <XLXI_1_D0_openSignal> is used but never assigned. This sourceless signal will be automatically connected to value 0.
WARNING:Xst:653 - Signal <XLXI_1_CLR_openSignal> is used but never assigned. This sourceless signal will be automatically connected to value 0.
WARNING:Xst:646 - Signal <Pull_Down> is assigned but never used. This unconnected signal will be trimmed during the optimization process.
Unit <Exp2> synthesized.


=========================================================================
HDL Synthesis Report

Found no macro
=========================================================================

=========================================================================
*                       Advanced HDL Synthesis                          *
=========================================================================


=========================================================================
Advanced HDL Synthesis Report

Macro Statistics
# Registers                                            : 6
 Flip-Flops                                            : 6

=========================================================================

=========================================================================
*                         Low Level Synthesis                           *
=========================================================================

Optimizing unit <Exp2> ...

Optimizing unit <FJKCE_MXILINX_Exp2> ...

Optimizing unit <D2_4E_MXILINX_Exp2> ...

Optimizing unit <M2_1_MXILINX_Exp2> ...

Optimizing unit <M2_1B1_MXILINX_Exp2> ...

Optimizing unit <FTCLEX_MXILINX_Exp2> ...

Optimizing unit <CB4CLED_MXILINX_Exp2> ...

Mapping all equations...
Building and optimizing final netlist ...
Found area constraint ratio of 100 (+ 5) on block Exp2, actual ratio is 0.

Final Macro Processing ...

=========================================================================
Final Register Report

Macro Statistics
# Registers                                            : 6
 Flip-Flops                                            : 6

=========================================================================

=========================================================================
*                           Partition Report                            *
=========================================================================

Partition Implementation Status
-------------------------------

  No Partitions were found in this design.

-------------------------------

=========================================================================
*                            Final Report                               *
=========================================================================
Final Results
RTL Top Level Output File Name     : Exp2.ngr
Top Level Output File Name         : Exp2
Output Format                      : NGC
Optimization Goal                  : Speed
Keep Hierarchy                     : No

Design Statistics
# IOs                              : 13

Cell Usage :
# BELS                             : 67
#      AND2                        : 16
#      AND2B1                      : 10
#      AND2B2                      : 2
#      AND3                        : 2
#      AND3B1                      : 4
#      AND3B2                      : 3
#      AND3B3                      : 1
#      AND4                        : 1
#      AND4B4                      : 1
#      BUF                         : 3
#      GND                         : 1
#      OR2                         : 15
#      OR2B1                       : 1
#      OR3                         : 2
#      VCC                         : 1
#      XOR2                        : 4
# FlipFlops/Latches                : 6
#      FDCE                        : 6
# Clock Buffers                    : 2
#      BUFGP                       : 2
# IO Buffers                       : 11
#      IBUF                        : 3
#      OBUF                        : 8
# Others                           : 2
#      PULLDOWN                    : 1
#      PULLUP                      : 1
=========================================================================

Device utilization summary:
---------------------------

Selected Device : 3s100ecp132-4 

 Number of Slices:                        3  out of    960     0%  
 Number of Slice Flip Flops:              6  out of   1920     0%  
 Number of IOs:                          13
 Number of bonded IOBs:                  13  out of     83    15%  
 Number of GCLKs:                         2  out of     24     8%  

---------------------------
Partition Resource Summary:
---------------------------

  No Partitions were found in this design.

---------------------------


=========================================================================
TIMING REPORT

NOTE: THESE TIMING NUMBERS ARE ONLY A SYNTHESIS ESTIMATE.
      FOR ACCURATE TIMING INFORMATION PLEASE REFER TO THE TRACE REPORT
      GENERATED AFTER PLACE-and-ROUTE.

Clock Information:
------------------
-----------------------------------+------------------------+-------+
Clock Signal                       | Clock buffer(FF name)  | Load  |
-----------------------------------+------------------------+-------+
CLK                                | BUFGP                  | 2     |
Time_CLK                           | BUFGP                  | 4     |
-----------------------------------+------------------------+-------+

Asynchronous Control Signals Information:
----------------------------------------
-----------------------------------+--------------------------+-------+
Control Signal                     | Buffer(FF name)          | Load  |
-----------------------------------+--------------------------+-------+
N0(XST_GND:G)                      | NONE(XLXI_1/I_Q0/I_36_35)| 6     |
-----------------------------------+--------------------------+-------+

Timing Summary:
---------------
Speed Grade: -4

   Minimum period: 13.732ns (Maximum Frequency: 72.823MHz)
   Minimum input arrival time before clock: 7.704ns
   Maximum output required time after clock: 5.869ns
   Maximum combinational path delay: No path found

Timing Detail:
--------------
All values displayed in nanoseconds (ns)

=========================================================================
Timing constraint: Default period analysis for Clock 'CLK'
  Clock period: 13.732ns (frequency: 72.823MHz)
  Total number of paths / destination ports: 208 / 2
-------------------------------------------------------------------------
Delay:               13.732ns (Levels of Logic = 14)
  Source:            XLXI_3/I_36_32 (FF)
  Destination:       XLXI_3/I_36_32 (FF)
  Source Clock:      CLK rising
  Destination Clock: CLK rising

  Data Path: XLXI_3/I_36_32 to XLXI_3/I_36_32
                                Gate     Net
    Cell:in->out      fanout   Delay   Delay  Logical Name (Net Name)
    ----------------------------------------  ------------
     FDCE:C->Q             6   0.591   0.669  I_36_32 (Q)
     end scope: 'XLXI_3'
     begin scope: 'XLXI_13'
     AND3:I0->O            5   0.704   0.633  I_36_30 (D3)
     end scope: 'XLXI_13'
     OR2B1:I0->O          10   0.704   0.882  XLXI_177 (UP)
     begin scope: 'XLXI_1'
     begin scope: 'I_TC'
     AND2B1:I0->O          1   0.704   0.420  I_36_7 (M0)
     OR2:I1->O             3   0.704   0.531  I_36_8 (O)
     end scope: 'I_TC'
     end scope: 'XLXI_1'
     AND2:I1->O            1   0.704   0.420  XLXI_179 (Door_Up)
     AND2:I0->O            1   0.704   0.420  XLXI_26 (OpeningtoOpen)
     BUF:I->O              2   0.704   0.447  XLXI_51 (AR_BS)
     OR2:I0->O             3   0.704   0.531  XLXI_107 (State_A_Reset)
     begin scope: 'XLXI_2'
     AND3B2:I1->O          1   0.704   0.420  I_36_37 (A0)
     OR3:I2->O             1   0.704   0.420  I_36_41 (AD)
     FDCE:D                    0.308          I_36_32
    ----------------------------------------
    Total                     13.732ns (7.939ns logic, 5.793ns route)
                                       (57.8% logic, 42.2% route)

=========================================================================
Timing constraint: Default period analysis for Clock 'Time_CLK'
  Clock period: 8.525ns (frequency: 117.302MHz)
  Total number of paths / destination ports: 16 / 4
-------------------------------------------------------------------------
Delay:               8.525ns (Levels of Logic = 9)
  Source:            XLXI_1/I_Q0/I_36_35 (FF)
  Destination:       XLXI_1/I_Q3/I_36_35 (FF)
  Source Clock:      Time_CLK rising
  Destination Clock: Time_CLK rising

  Data Path: XLXI_1/I_Q0/I_36_35 to XLXI_1/I_Q3/I_36_35
                                Gate     Net
    Cell:in->out      fanout   Delay   Delay  Logical Name (Net Name)
    ----------------------------------------  ------------
     FDCE:C->Q            10   0.591   0.882  I_36_35 (Q)
     end scope: 'I_Q0'
     AND2B2:I1->O          1   0.704   0.420  I_36_3 (T2_DN)
     begin scope: 'I_T2'
     AND2B1:I1->O          1   0.704   0.420  I_36_7 (M0)
     OR2:I1->O             1   0.704   0.420  I_36_8 (O)
     end scope: 'I_T2'
     begin scope: 'I_Q2'
     XOR2:I0->O            1   0.704   0.420  I_36_32 (TQ)
     begin scope: 'I_36_30'
     AND2B1:I1->O          1   0.704   0.420  I_36_7 (M0)
     OR2:I1->O             1   0.704   0.420  I_36_8 (O)
     end scope: 'I_36_30'
     FDCE:D                    0.308          I_36_35
    ----------------------------------------
    Total                      8.525ns (5.123ns logic, 3.402ns route)
                                       (60.1% logic, 39.9% route)

=========================================================================
Timing constraint: Default OFFSET IN BEFORE for Clock 'CLK'
  Total number of paths / destination ports: 18 / 2
-------------------------------------------------------------------------
Offset:              7.704ns (Levels of Logic = 7)
  Source:            Blocked (PAD)
  Destination:       XLXI_3/I_36_32 (FF)
  Destination Clock: CLK rising

  Data Path: Blocked to XLXI_3/I_36_32
                                Gate     Net
    Cell:in->out      fanout   Delay   Delay  Logical Name (Net Name)
    ----------------------------------------  ------------
     IBUF:I->O             1   1.218   0.420  Blocked_IBUF (Blocked_IBUF)
     AND2:I0->O            1   0.704   0.420  XLXI_25 (ClosingtoOpening)
     OR2:I0->O             2   0.704   0.447  XLXI_182 (AS_BR)
     OR2:I0->O             3   0.704   0.531  XLXI_111 (State_B_Reset)
     begin scope: 'XLXI_3'
     AND3B2:I1->O          1   0.704   0.420  I_36_37 (A0)
     OR3:I2->O             1   0.704   0.420  I_36_41 (AD)
     FDCE:D                    0.308          I_36_32
    ----------------------------------------
    Total                      7.704ns (5.046ns logic, 2.658ns route)
                                       (65.5% logic, 34.5% route)

=========================================================================
Timing constraint: Default OFFSET OUT AFTER for Clock 'Time_CLK'
  Total number of paths / destination ports: 4 / 4
-------------------------------------------------------------------------
Offset:              4.745ns (Levels of Logic = 2)
  Source:            XLXI_1/I_Q0/I_36_35 (FF)
  Destination:       Timer_0 (PAD)
  Source Clock:      Time_CLK rising

  Data Path: XLXI_1/I_Q0/I_36_35 to Timer_0
                                Gate     Net
    Cell:in->out      fanout   Delay   Delay  Logical Name (Net Name)
    ----------------------------------------  ------------
     FDCE:C->Q            10   0.591   0.882  I_36_35 (Q)
     end scope: 'I_Q0'
     end scope: 'XLXI_1'
     OBUF:I->O                 3.272          Timer_0_OBUF (Timer_0)
    ----------------------------------------
    Total                      4.745ns (3.863ns logic, 0.882ns route)
                                       (81.4% logic, 18.6% route)

=========================================================================
Timing constraint: Default OFFSET OUT AFTER for Clock 'CLK'
  Total number of paths / destination ports: 8 / 4
-------------------------------------------------------------------------
Offset:              5.869ns (Levels of Logic = 4)
  Source:            XLXI_3/I_36_32 (FF)
  Destination:       State<3> (PAD)
  Source Clock:      CLK rising

  Data Path: XLXI_3/I_36_32 to State<3>
                                Gate     Net
    Cell:in->out      fanout   Delay   Delay  Logical Name (Net Name)
    ----------------------------------------  ------------
     FDCE:C->Q             6   0.591   0.669  I_36_32 (Q)
     end scope: 'XLXI_3'
     begin scope: 'XLXI_13'
     AND3:I0->O            5   0.704   0.633  I_36_30 (D3)
     end scope: 'XLXI_13'
     OBUF:I->O                 3.272          State_3_OBUF (State<3>)
    ----------------------------------------
    Total                      5.869ns (4.567ns logic, 1.302ns route)
                                       (77.8% logic, 22.2% route)

=========================================================================


Total REAL time to Xst completion: 3.00 secs
Total CPU time to Xst completion: 3.48 secs
 
--> 


Total memory usage is 532784 kilobytes

Number of errors   :    0 (   0 filtered)
Number of warnings :   10 (   0 filtered)
Number of infos    :    0 (   0 filtered)

