Release 14.6 - xst P.68d (lin64)
Copyright (c) 1995-2013 Xilinx, Inc.  All rights reserved.
--> 
Parameter TMPDIR set to xst/projnav.tmp


Total REAL time to Xst completion: 0.00 secs
Total CPU time to Xst completion: 0.03 secs
 
--> 
Parameter xsthdpdir set to xst


Total REAL time to Xst completion: 0.00 secs
Total CPU time to Xst completion: 0.04 secs
 
--> 
Reading design: Experiment1.prj

TABLE OF CONTENTS
  1) Synthesis Options Summary
  2) HDL Compilation
  3) Design Hierarchy Analysis
  4) HDL Analysis
  5) HDL Synthesis
     5.1) HDL Synthesis Report
  6) Advanced HDL Synthesis
     6.1) Advanced HDL Synthesis Report
  7) Low Level Synthesis
  8) Partition Report
  9) Final Report
	9.1) Device utilization summary
	9.2) Partition Resource Summary
	9.3) TIMING REPORT


=========================================================================
*                      Synthesis Options Summary                        *
=========================================================================
---- Source Parameters
Input File Name                    : "Experiment1.prj"
Input Format                       : mixed
Ignore Synthesis Constraint File   : NO

---- Target Parameters
Output File Name                   : "Experiment1"
Output Format                      : NGC
Target Device                      : xc3s100e-4-cp132

---- Source Options
Top Module Name                    : Experiment1
Automatic FSM Extraction           : YES
FSM Encoding Algorithm             : Auto
Safe Implementation                : No
FSM Style                          : LUT
RAM Extraction                     : Yes
RAM Style                          : Auto
ROM Extraction                     : Yes
Mux Style                          : Auto
Decoder Extraction                 : YES
Priority Encoder Extraction        : Yes
Shift Register Extraction          : YES
Logical Shifter Extraction         : YES
XOR Collapsing                     : YES
ROM Style                          : Auto
Mux Extraction                     : Yes
Resource Sharing                   : YES
Asynchronous To Synchronous        : NO
Multiplier Style                   : Auto
Automatic Register Balancing       : No

---- Target Options
Add IO Buffers                     : YES
Global Maximum Fanout              : 100000
Add Generic Clock Buffer(BUFG)     : 24
Register Duplication               : YES
Slice Packing                      : YES
Optimize Instantiated Primitives   : NO
Use Clock Enable                   : Yes
Use Synchronous Set                : Yes
Use Synchronous Reset              : Yes
Pack IO Registers into IOBs        : Auto
Equivalent register Removal        : YES

---- General Options
Optimization Goal                  : Speed
Optimization Effort                : 1
Keep Hierarchy                     : No
Netlist Hierarchy                  : As_Optimized
RTL Output                         : Yes
Global Optimization                : AllClockNets
Read Cores                         : YES
Write Timing Constraints           : NO
Cross Clock Analysis               : NO
Hierarchy Separator                : /
Bus Delimiter                      : <>
Case Specifier                     : Maintain
Slice Utilization Ratio            : 100
BRAM Utilization Ratio             : 100
Verilog 2001                       : YES
Auto BRAM Packing                  : NO
Slice Utilization Ratio Delta      : 5

=========================================================================


=========================================================================
*                          HDL Compilation                              *
=========================================================================
Compiling vhdl file "/home/nick/git-repos/Physics301-Fall2018-NL-RC/goodies/DCM_50M.vhd" in Library work.
Architecture behavioral of Entity dcm_50m is up to date.
Compiling vhdl file "/home/nick/git-repos/Physics301-Fall2018-NL-RC/Lab8/Experiment1.vhf" in Library work.
Architecture behavioral of Entity experiment1 is up to date.

=========================================================================
*                     Design Hierarchy Analysis                         *
=========================================================================
Analyzing hierarchy for entity <Experiment1> in library <work> (architecture <behavioral>).

Analyzing hierarchy for entity <DCM_50M> in library <work> (architecture <behavioral>) with generics.
	DIV100 = 50
	DIV1k = 500
	DIV50 = 25


=========================================================================
*                            HDL Analysis                               *
=========================================================================
Analyzing Entity <Experiment1> in library <work> (Architecture <behavioral>).
    Set user-defined property "INIT =  0" for instance <XLXI_1> in unit <Experiment1>.
    Set user-defined property "INIT =  0" for instance <XLXI_3> in unit <Experiment1>.
WARNING:Xst:753 - "/home/nick/git-repos/Physics301-Fall2018-NL-RC/Lab8/Experiment1.vhf" line 84: Unconnected output port 'CLK1M' of component 'DCM_50M'.
WARNING:Xst:753 - "/home/nick/git-repos/Physics301-Fall2018-NL-RC/Lab8/Experiment1.vhf" line 84: Unconnected output port 'CLK10k' of component 'DCM_50M'.
WARNING:Xst:753 - "/home/nick/git-repos/Physics301-Fall2018-NL-RC/Lab8/Experiment1.vhf" line 84: Unconnected output port 'CLK1k' of component 'DCM_50M'.
Entity <Experiment1> analyzed. Unit <Experiment1> generated.

Analyzing generic Entity <DCM_50M> in library <work> (Architecture <behavioral>).
	DIV100 = 50
	DIV1k = 500
	DIV50 = 25
Entity <DCM_50M> analyzed. Unit <DCM_50M> generated.


=========================================================================
*                           HDL Synthesis                               *
=========================================================================

Performing bidirectional port resolution...

Synthesizing Unit <DCM_50M>.
    Related source file is "/home/nick/git-repos/Physics301-Fall2018-NL-RC/goodies/DCM_50M.vhd".
    Found 1-bit register for signal <clk_1>.
    Found 32-bit adder for signal <clk_1$add0000> created at line 121.
    Found 1-bit register for signal <clk_10k>.
    Found 1-bit register for signal <clk_1k>.
    Found 32-bit adder for signal <clk_1k$add0000> created at line 101.
    Found 1-bit register for signal <clk_1m>.
    Found 32-bit adder for signal <clk_1m$add0000> created at line 61.
    Found 32-bit up counter for signal <cnt1>.
    Found 32-bit comparator greater for signal <cnt1$cmp_gt0000> created at line 122.
    Found 32-bit up counter for signal <cnt10k>.
    Found 32-bit adder for signal <cnt10k$add0000> created at line 81.
    Found 32-bit comparator greater for signal <cnt10k$cmp_gt0000> created at line 82.
    Found 32-bit up counter for signal <cnt1k>.
    Found 32-bit comparator greater for signal <cnt1k$cmp_gt0000> created at line 102.
    Found 32-bit up counter for signal <cnt1M>.
    Found 32-bit comparator greatequal for signal <cnt1M$cmp_ge0000> created at line 62.
    Summary:
	inferred   4 Counter(s).
	inferred   4 D-type flip-flop(s).
	inferred   4 Adder/Subtractor(s).
	inferred   4 Comparator(s).
Unit <DCM_50M> synthesized.


Synthesizing Unit <Experiment1>.
    Related source file is "/home/nick/git-repos/Physics301-Fall2018-NL-RC/Lab8/Experiment1.vhf".
WARNING:Xst:653 - Signal <XLXI_5_RST_openSignal> is used but never assigned. This sourceless signal will be automatically connected to value 0.
Unit <Experiment1> synthesized.


=========================================================================
HDL Synthesis Report

Macro Statistics
# Adders/Subtractors                                   : 4
 32-bit adder                                          : 4
# Counters                                             : 4
 32-bit up counter                                     : 4
# Registers                                            : 4
 1-bit register                                        : 4
# Comparators                                          : 4
 32-bit comparator greatequal                          : 1
 32-bit comparator greater                             : 3

=========================================================================

=========================================================================
*                       Advanced HDL Synthesis                          *
=========================================================================


=========================================================================
Advanced HDL Synthesis Report

Macro Statistics
# Adders/Subtractors                                   : 4
 32-bit adder                                          : 4
# Counters                                             : 4
 32-bit up counter                                     : 4
# Registers                                            : 6
 Flip-Flops                                            : 6
# Comparators                                          : 4
 32-bit comparator greatequal                          : 1
 32-bit comparator greater                             : 3

=========================================================================

=========================================================================
*                         Low Level Synthesis                           *
=========================================================================

Optimizing unit <Experiment1> ...

Optimizing unit <DCM_50M> ...
WARNING:Xst:2677 - Node <XLXI_5/cnt10k_31> of sequential type is unconnected in block <Experiment1>.
WARNING:Xst:2677 - Node <XLXI_5/cnt10k_30> of sequential type is unconnected in block <Experiment1>.
WARNING:Xst:2677 - Node <XLXI_5/cnt10k_29> of sequential type is unconnected in block <Experiment1>.
WARNING:Xst:2677 - Node <XLXI_5/cnt10k_28> of sequential type is unconnected in block <Experiment1>.
WARNING:Xst:2677 - Node <XLXI_5/cnt10k_27> of sequential type is unconnected in block <Experiment1>.
WARNING:Xst:2677 - Node <XLXI_5/cnt10k_26> of sequential type is unconnected in block <Experiment1>.
WARNING:Xst:2677 - Node <XLXI_5/cnt10k_25> of sequential type is unconnected in block <Experiment1>.
WARNING:Xst:2677 - Node <XLXI_5/cnt10k_24> of sequential type is unconnected in block <Experiment1>.
WARNING:Xst:2677 - Node <XLXI_5/cnt10k_23> of sequential type is unconnected in block <Experiment1>.
WARNING:Xst:2677 - Node <XLXI_5/cnt10k_22> of sequential type is unconnected in block <Experiment1>.
WARNING:Xst:2677 - Node <XLXI_5/cnt10k_21> of sequential type is unconnected in block <Experiment1>.
WARNING:Xst:2677 - Node <XLXI_5/cnt10k_20> of sequential type is unconnected in block <Experiment1>.
WARNING:Xst:2677 - Node <XLXI_5/cnt10k_19> of sequential type is unconnected in block <Experiment1>.
WARNING:Xst:2677 - Node <XLXI_5/cnt10k_18> of sequential type is unconnected in block <Experiment1>.
WARNING:Xst:2677 - Node <XLXI_5/cnt10k_17> of sequential type is unconnected in block <Experiment1>.
WARNING:Xst:2677 - Node <XLXI_5/cnt10k_16> of sequential type is unconnected in block <Experiment1>.
WARNING:Xst:2677 - Node <XLXI_5/cnt10k_15> of sequential type is unconnected in block <Experiment1>.
WARNING:Xst:2677 - Node <XLXI_5/cnt10k_14> of sequential type is unconnected in block <Experiment1>.
WARNING:Xst:2677 - Node <XLXI_5/cnt10k_13> of sequential type is unconnected in block <Experiment1>.
WARNING:Xst:2677 - Node <XLXI_5/cnt10k_12> of sequential type is unconnected in block <Experiment1>.
WARNING:Xst:2677 - Node <XLXI_5/cnt10k_11> of sequential type is unconnected in block <Experiment1>.
WARNING:Xst:2677 - Node <XLXI_5/cnt10k_10> of sequential type is unconnected in block <Experiment1>.
WARNING:Xst:2677 - Node <XLXI_5/cnt10k_9> of sequential type is unconnected in block <Experiment1>.
WARNING:Xst:2677 - Node <XLXI_5/cnt10k_8> of sequential type is unconnected in block <Experiment1>.
WARNING:Xst:2677 - Node <XLXI_5/cnt10k_7> of sequential type is unconnected in block <Experiment1>.
WARNING:Xst:2677 - Node <XLXI_5/cnt10k_6> of sequential type is unconnected in block <Experiment1>.
WARNING:Xst:2677 - Node <XLXI_5/cnt10k_5> of sequential type is unconnected in block <Experiment1>.
WARNING:Xst:2677 - Node <XLXI_5/cnt10k_4> of sequential type is unconnected in block <Experiment1>.
WARNING:Xst:2677 - Node <XLXI_5/cnt10k_3> of sequential type is unconnected in block <Experiment1>.
WARNING:Xst:2677 - Node <XLXI_5/cnt10k_2> of sequential type is unconnected in block <Experiment1>.
WARNING:Xst:2677 - Node <XLXI_5/cnt10k_1> of sequential type is unconnected in block <Experiment1>.
WARNING:Xst:2677 - Node <XLXI_5/cnt10k_0> of sequential type is unconnected in block <Experiment1>.
WARNING:Xst:2677 - Node <XLXI_5/clk_10k> of sequential type is unconnected in block <Experiment1>.

Mapping all equations...
Building and optimizing final netlist ...
Found area constraint ratio of 100 (+ 5) on block Experiment1, actual ratio is 12.

Final Macro Processing ...

=========================================================================
Final Register Report

Macro Statistics
# Registers                                            : 101
 Flip-Flops                                            : 101

=========================================================================

=========================================================================
*                           Partition Report                            *
=========================================================================

Partition Implementation Status
-------------------------------

  No Partitions were found in this design.

-------------------------------

=========================================================================
*                            Final Report                               *
=========================================================================
Final Results
RTL Top Level Output File Name     : Experiment1.ngr
Top Level Output File Name         : Experiment1
Output Format                      : NGC
Optimization Goal                  : Speed
Keep Hierarchy                     : No

Design Statistics
# IOs                              : 4

Cell Usage :
# BELS                             : 650
#      GND                         : 1
#      INV                         : 16
#      LUT1                        : 98
#      LUT2                        : 71
#      LUT3                        : 32
#      LUT4                        : 18
#      MUXCY                       : 221
#      VCC                         : 1
#      XORCY                       : 192
# FlipFlops/Latches                : 101
#      FD                          : 2
#      FDE                         : 99
# Clock Buffers                    : 3
#      BUFG                        : 2
#      BUFGP                       : 1
# IO Buffers                       : 3
#      OBUF                        : 3
=========================================================================

Device utilization summary:
---------------------------

Selected Device : 3s100ecp132-4 

 Number of Slices:                      119  out of    960    12%  
 Number of Slice Flip Flops:            101  out of   1920     5%  
 Number of 4 input LUTs:                235  out of   1920    12%  
 Number of IOs:                           4
 Number of bonded IOBs:                   4  out of     83     4%  
 Number of GCLKs:                         3  out of     24    12%  

---------------------------
Partition Resource Summary:
---------------------------

  No Partitions were found in this design.

---------------------------


=========================================================================
TIMING REPORT

NOTE: THESE TIMING NUMBERS ARE ONLY A SYNTHESIS ESTIMATE.
      FOR ACCURATE TIMING INFORMATION PLEASE REFER TO THE TRACE REPORT
      GENERATED AFTER PLACE-and-ROUTE.

Clock Information:
------------------
-----------------------------------+------------------------+-------+
Clock Signal                       | Clock buffer(FF name)  | Load  |
-----------------------------------+------------------------+-------+
XLXI_5/clk_1                       | NONE(XLXI_1)           | 1     |
C2_OBUF                            | NONE(XLXI_3)           | 1     |
CLK                                | BUFGP                  | 33    |
XLXI_5/clk_1m1                     | BUFG                   | 33    |
XLXI_5/clk_1k1                     | BUFG                   | 33    |
-----------------------------------+------------------------+-------+
INFO:Xst:2169 - HDL ADVISOR - Some clock signals were not automatically buffered by XST with BUFG/BUFR resources. Please use the buffer_type constraint in order to insert these buffers to the clock signals to help prevent skew problems.

Asynchronous Control Signals Information:
----------------------------------------
No asynchronous control signals found in this design

Timing Summary:
---------------
Speed Grade: -4

   Minimum period: 12.220ns (Maximum Frequency: 81.834MHz)
   Minimum input arrival time before clock: No path found
   Maximum output required time after clock: 4.394ns
   Maximum combinational path delay: No path found

Timing Detail:
--------------
All values displayed in nanoseconds (ns)

=========================================================================
Timing constraint: Default period analysis for Clock 'XLXI_5/clk_1'
  Clock period: 2.554ns (frequency: 391.543MHz)
  Total number of paths / destination ports: 1 / 1
-------------------------------------------------------------------------
Delay:               2.554ns (Levels of Logic = 1)
  Source:            XLXI_1 (FF)
  Destination:       XLXI_1 (FF)
  Source Clock:      XLXI_5/clk_1 rising
  Destination Clock: XLXI_5/clk_1 rising

  Data Path: XLXI_1 to XLXI_1
                                Gate     Net
    Cell:in->out      fanout   Delay   Delay  Logical Name (Net Name)
    ----------------------------------------  ------------
     FD:C->Q               3   0.591   0.531  XLXI_1 (C2_OBUF)
     INV:I->O              1   0.704   0.420  XLXI_2 (XLXN_2)
     FD:D                      0.308          XLXI_1
    ----------------------------------------
    Total                      2.554ns (1.603ns logic, 0.951ns route)
                                       (62.8% logic, 37.2% route)

=========================================================================
Timing constraint: Default period analysis for Clock 'C2_OBUF'
  Clock period: 2.470ns (frequency: 404.858MHz)
  Total number of paths / destination ports: 1 / 1
-------------------------------------------------------------------------
Delay:               2.470ns (Levels of Logic = 1)
  Source:            XLXI_3 (FF)
  Destination:       XLXI_3 (FF)
  Source Clock:      C2_OBUF rising
  Destination Clock: C2_OBUF rising

  Data Path: XLXI_3 to XLXI_3
                                Gate     Net
    Cell:in->out      fanout   Delay   Delay  Logical Name (Net Name)
    ----------------------------------------  ------------
     FD:C->Q               2   0.591   0.447  XLXI_3 (C3_OBUF)
     INV:I->O              1   0.704   0.420  XLXI_6 (XLXN_18)
     FD:D                      0.308          XLXI_3
    ----------------------------------------
    Total                      2.470ns (1.603ns logic, 0.867ns route)
                                       (64.9% logic, 35.1% route)

=========================================================================
Timing constraint: Default period analysis for Clock 'CLK'
  Clock period: 12.220ns (frequency: 81.834MHz)
  Total number of paths / destination ports: 296737 / 34
-------------------------------------------------------------------------
Delay:               12.220ns (Levels of Logic = 66)
  Source:            XLXI_5/cnt1M_1 (FF)
  Destination:       XLXI_5/cnt1M_31 (FF)
  Source Clock:      CLK rising
  Destination Clock: CLK rising

  Data Path: XLXI_5/cnt1M_1 to XLXI_5/cnt1M_31
                                Gate     Net
    Cell:in->out      fanout   Delay   Delay  Logical Name (Net Name)
    ----------------------------------------  ------------
     FDE:C->Q              2   0.591   0.622  XLXI_5/cnt1M_1 (XLXI_5/cnt1M_1)
     LUT1:I0->O            1   0.704   0.000  XLXI_5/Madd_clk_1m_add0000_cy<1>_rt (XLXI_5/Madd_clk_1m_add0000_cy<1>_rt)
     MUXCY:S->O            1   0.464   0.000  XLXI_5/Madd_clk_1m_add0000_cy<1> (XLXI_5/Madd_clk_1m_add0000_cy<1>)
     MUXCY:CI->O           1   0.059   0.000  XLXI_5/Madd_clk_1m_add0000_cy<2> (XLXI_5/Madd_clk_1m_add0000_cy<2>)
     MUXCY:CI->O           1   0.059   0.000  XLXI_5/Madd_clk_1m_add0000_cy<3> (XLXI_5/Madd_clk_1m_add0000_cy<3>)
     MUXCY:CI->O           1   0.059   0.000  XLXI_5/Madd_clk_1m_add0000_cy<4> (XLXI_5/Madd_clk_1m_add0000_cy<4>)
     MUXCY:CI->O           1   0.059   0.000  XLXI_5/Madd_clk_1m_add0000_cy<5> (XLXI_5/Madd_clk_1m_add0000_cy<5>)
     MUXCY:CI->O           1   0.059   0.000  XLXI_5/Madd_clk_1m_add0000_cy<6> (XLXI_5/Madd_clk_1m_add0000_cy<6>)
     MUXCY:CI->O           1   0.059   0.000  XLXI_5/Madd_clk_1m_add0000_cy<7> (XLXI_5/Madd_clk_1m_add0000_cy<7>)
     MUXCY:CI->O           1   0.059   0.000  XLXI_5/Madd_clk_1m_add0000_cy<8> (XLXI_5/Madd_clk_1m_add0000_cy<8>)
     MUXCY:CI->O           1   0.059   0.000  XLXI_5/Madd_clk_1m_add0000_cy<9> (XLXI_5/Madd_clk_1m_add0000_cy<9>)
     MUXCY:CI->O           1   0.059   0.000  XLXI_5/Madd_clk_1m_add0000_cy<10> (XLXI_5/Madd_clk_1m_add0000_cy<10>)
     MUXCY:CI->O           1   0.059   0.000  XLXI_5/Madd_clk_1m_add0000_cy<11> (XLXI_5/Madd_clk_1m_add0000_cy<11>)
     MUXCY:CI->O           1   0.059   0.000  XLXI_5/Madd_clk_1m_add0000_cy<12> (XLXI_5/Madd_clk_1m_add0000_cy<12>)
     MUXCY:CI->O           1   0.059   0.000  XLXI_5/Madd_clk_1m_add0000_cy<13> (XLXI_5/Madd_clk_1m_add0000_cy<13>)
     MUXCY:CI->O           1   0.059   0.000  XLXI_5/Madd_clk_1m_add0000_cy<14> (XLXI_5/Madd_clk_1m_add0000_cy<14>)
     MUXCY:CI->O           1   0.059   0.000  XLXI_5/Madd_clk_1m_add0000_cy<15> (XLXI_5/Madd_clk_1m_add0000_cy<15>)
     MUXCY:CI->O           1   0.059   0.000  XLXI_5/Madd_clk_1m_add0000_cy<16> (XLXI_5/Madd_clk_1m_add0000_cy<16>)
     MUXCY:CI->O           1   0.059   0.000  XLXI_5/Madd_clk_1m_add0000_cy<17> (XLXI_5/Madd_clk_1m_add0000_cy<17>)
     MUXCY:CI->O           1   0.059   0.000  XLXI_5/Madd_clk_1m_add0000_cy<18> (XLXI_5/Madd_clk_1m_add0000_cy<18>)
     MUXCY:CI->O           1   0.059   0.000  XLXI_5/Madd_clk_1m_add0000_cy<19> (XLXI_5/Madd_clk_1m_add0000_cy<19>)
     MUXCY:CI->O           1   0.059   0.000  XLXI_5/Madd_clk_1m_add0000_cy<20> (XLXI_5/Madd_clk_1m_add0000_cy<20>)
     MUXCY:CI->O           1   0.059   0.000  XLXI_5/Madd_clk_1m_add0000_cy<21> (XLXI_5/Madd_clk_1m_add0000_cy<21>)
     MUXCY:CI->O           1   0.059   0.000  XLXI_5/Madd_clk_1m_add0000_cy<22> (XLXI_5/Madd_clk_1m_add0000_cy<22>)
     MUXCY:CI->O           1   0.059   0.000  XLXI_5/Madd_clk_1m_add0000_cy<23> (XLXI_5/Madd_clk_1m_add0000_cy<23>)
     MUXCY:CI->O           1   0.059   0.000  XLXI_5/Madd_clk_1m_add0000_cy<24> (XLXI_5/Madd_clk_1m_add0000_cy<24>)
     MUXCY:CI->O           1   0.059   0.000  XLXI_5/Madd_clk_1m_add0000_cy<25> (XLXI_5/Madd_clk_1m_add0000_cy<25>)
     MUXCY:CI->O           1   0.059   0.000  XLXI_5/Madd_clk_1m_add0000_cy<26> (XLXI_5/Madd_clk_1m_add0000_cy<26>)
     MUXCY:CI->O           1   0.059   0.000  XLXI_5/Madd_clk_1m_add0000_cy<27> (XLXI_5/Madd_clk_1m_add0000_cy<27>)
     MUXCY:CI->O           1   0.059   0.000  XLXI_5/Madd_clk_1m_add0000_cy<28> (XLXI_5/Madd_clk_1m_add0000_cy<28>)
     XORCY:CI->O           1   0.804   0.595  XLXI_5/Madd_clk_1m_add0000_xor<29> (XLXI_5/clk_1m_add0000<29>)
     LUT2:I0->O            1   0.704   0.000  XLXI_5/Mcompar_cnt1M_cmp_ge0000_lut<9> (XLXI_5/Mcompar_cnt1M_cmp_ge0000_lut<9>)
     MUXCY:S->O            1   0.464   0.000  XLXI_5/Mcompar_cnt1M_cmp_ge0000_cy<9> (XLXI_5/Mcompar_cnt1M_cmp_ge0000_cy<9>)
     MUXCY:CI->O          34   0.331   1.298  XLXI_5/Mcompar_cnt1M_cmp_ge0000_cy<10> (XLXI_5/cnt1M_cmp_ge0000)
     LUT3:I2->O            1   0.704   0.000  XLXI_5/Mcount_cnt1M_lut<0> (XLXI_5/Mcount_cnt1M_lut<0>)
     MUXCY:S->O            1   0.464   0.000  XLXI_5/Mcount_cnt1M_cy<0> (XLXI_5/Mcount_cnt1M_cy<0>)
     MUXCY:CI->O           1   0.059   0.000  XLXI_5/Mcount_cnt1M_cy<1> (XLXI_5/Mcount_cnt1M_cy<1>)
     MUXCY:CI->O           1   0.059   0.000  XLXI_5/Mcount_cnt1M_cy<2> (XLXI_5/Mcount_cnt1M_cy<2>)
     MUXCY:CI->O           1   0.059   0.000  XLXI_5/Mcount_cnt1M_cy<3> (XLXI_5/Mcount_cnt1M_cy<3>)
     MUXCY:CI->O           1   0.059   0.000  XLXI_5/Mcount_cnt1M_cy<4> (XLXI_5/Mcount_cnt1M_cy<4>)
     MUXCY:CI->O           1   0.059   0.000  XLXI_5/Mcount_cnt1M_cy<5> (XLXI_5/Mcount_cnt1M_cy<5>)
     MUXCY:CI->O           1   0.059   0.000  XLXI_5/Mcount_cnt1M_cy<6> (XLXI_5/Mcount_cnt1M_cy<6>)
     MUXCY:CI->O           1   0.059   0.000  XLXI_5/Mcount_cnt1M_cy<7> (XLXI_5/Mcount_cnt1M_cy<7>)
     MUXCY:CI->O           1   0.059   0.000  XLXI_5/Mcount_cnt1M_cy<8> (XLXI_5/Mcount_cnt1M_cy<8>)
     MUXCY:CI->O           1   0.059   0.000  XLXI_5/Mcount_cnt1M_cy<9> (XLXI_5/Mcount_cnt1M_cy<9>)
     MUXCY:CI->O           1   0.059   0.000  XLXI_5/Mcount_cnt1M_cy<10> (XLXI_5/Mcount_cnt1M_cy<10>)
     MUXCY:CI->O           1   0.059   0.000  XLXI_5/Mcount_cnt1M_cy<11> (XLXI_5/Mcount_cnt1M_cy<11>)
     MUXCY:CI->O           1   0.059   0.000  XLXI_5/Mcount_cnt1M_cy<12> (XLXI_5/Mcount_cnt1M_cy<12>)
     MUXCY:CI->O           1   0.059   0.000  XLXI_5/Mcount_cnt1M_cy<13> (XLXI_5/Mcount_cnt1M_cy<13>)
     MUXCY:CI->O           1   0.059   0.000  XLXI_5/Mcount_cnt1M_cy<14> (XLXI_5/Mcount_cnt1M_cy<14>)
     MUXCY:CI->O           1   0.059   0.000  XLXI_5/Mcount_cnt1M_cy<15> (XLXI_5/Mcount_cnt1M_cy<15>)
     MUXCY:CI->O           1   0.059   0.000  XLXI_5/Mcount_cnt1M_cy<16> (XLXI_5/Mcount_cnt1M_cy<16>)
     MUXCY:CI->O           1   0.059   0.000  XLXI_5/Mcount_cnt1M_cy<17> (XLXI_5/Mcount_cnt1M_cy<17>)
     MUXCY:CI->O           1   0.059   0.000  XLXI_5/Mcount_cnt1M_cy<18> (XLXI_5/Mcount_cnt1M_cy<18>)
     MUXCY:CI->O           1   0.059   0.000  XLXI_5/Mcount_cnt1M_cy<19> (XLXI_5/Mcount_cnt1M_cy<19>)
     MUXCY:CI->O           1   0.059   0.000  XLXI_5/Mcount_cnt1M_cy<20> (XLXI_5/Mcount_cnt1M_cy<20>)
     MUXCY:CI->O           1   0.059   0.000  XLXI_5/Mcount_cnt1M_cy<21> (XLXI_5/Mcount_cnt1M_cy<21>)
     MUXCY:CI->O           1   0.059   0.000  XLXI_5/Mcount_cnt1M_cy<22> (XLXI_5/Mcount_cnt1M_cy<22>)
     MUXCY:CI->O           1   0.059   0.000  XLXI_5/Mcount_cnt1M_cy<23> (XLXI_5/Mcount_cnt1M_cy<23>)
     MUXCY:CI->O           1   0.059   0.000  XLXI_5/Mcount_cnt1M_cy<24> (XLXI_5/Mcount_cnt1M_cy<24>)
     MUXCY:CI->O           1   0.059   0.000  XLXI_5/Mcount_cnt1M_cy<25> (XLXI_5/Mcount_cnt1M_cy<25>)
     MUXCY:CI->O           1   0.059   0.000  XLXI_5/Mcount_cnt1M_cy<26> (XLXI_5/Mcount_cnt1M_cy<26>)
     MUXCY:CI->O           1   0.059   0.000  XLXI_5/Mcount_cnt1M_cy<27> (XLXI_5/Mcount_cnt1M_cy<27>)
     MUXCY:CI->O           1   0.059   0.000  XLXI_5/Mcount_cnt1M_cy<28> (XLXI_5/Mcount_cnt1M_cy<28>)
     MUXCY:CI->O           1   0.059   0.000  XLXI_5/Mcount_cnt1M_cy<29> (XLXI_5/Mcount_cnt1M_cy<29>)
     MUXCY:CI->O           0   0.059   0.000  XLXI_5/Mcount_cnt1M_cy<30> (XLXI_5/Mcount_cnt1M_cy<30>)
     XORCY:CI->O           1   0.804   0.000  XLXI_5/Mcount_cnt1M_xor<31> (XLXI_5/Mcount_cnt1M31)
     FDE:D                     0.308          XLXI_5/cnt1M_31
    ----------------------------------------
    Total                     12.220ns (9.705ns logic, 2.515ns route)
                                       (79.4% logic, 20.6% route)

=========================================================================
Timing constraint: Default period analysis for Clock 'XLXI_5/clk_1m1'
  Clock period: 11.992ns (frequency: 83.390MHz)
  Total number of paths / destination ports: 314689 / 34
-------------------------------------------------------------------------
Delay:               11.992ns (Levels of Logic = 66)
  Source:            XLXI_5/cnt1k_1 (FF)
  Destination:       XLXI_5/cnt1k_31 (FF)
  Source Clock:      XLXI_5/clk_1m1 rising
  Destination Clock: XLXI_5/clk_1m1 rising

  Data Path: XLXI_5/cnt1k_1 to XLXI_5/cnt1k_31
                                Gate     Net
    Cell:in->out      fanout   Delay   Delay  Logical Name (Net Name)
    ----------------------------------------  ------------
     FDE:C->Q              2   0.591   0.622  XLXI_5/cnt1k_1 (XLXI_5/cnt1k_1)
     LUT1:I0->O            1   0.704   0.000  XLXI_5/Madd_clk_1k_add0000_cy<1>_rt (XLXI_5/Madd_clk_1k_add0000_cy<1>_rt)
     MUXCY:S->O            1   0.464   0.000  XLXI_5/Madd_clk_1k_add0000_cy<1> (XLXI_5/Madd_clk_1k_add0000_cy<1>)
     MUXCY:CI->O           1   0.059   0.000  XLXI_5/Madd_clk_1k_add0000_cy<2> (XLXI_5/Madd_clk_1k_add0000_cy<2>)
     MUXCY:CI->O           1   0.059   0.000  XLXI_5/Madd_clk_1k_add0000_cy<3> (XLXI_5/Madd_clk_1k_add0000_cy<3>)
     MUXCY:CI->O           1   0.059   0.000  XLXI_5/Madd_clk_1k_add0000_cy<4> (XLXI_5/Madd_clk_1k_add0000_cy<4>)
     MUXCY:CI->O           1   0.059   0.000  XLXI_5/Madd_clk_1k_add0000_cy<5> (XLXI_5/Madd_clk_1k_add0000_cy<5>)
     MUXCY:CI->O           1   0.059   0.000  XLXI_5/Madd_clk_1k_add0000_cy<6> (XLXI_5/Madd_clk_1k_add0000_cy<6>)
     MUXCY:CI->O           1   0.059   0.000  XLXI_5/Madd_clk_1k_add0000_cy<7> (XLXI_5/Madd_clk_1k_add0000_cy<7>)
     MUXCY:CI->O           1   0.059   0.000  XLXI_5/Madd_clk_1k_add0000_cy<8> (XLXI_5/Madd_clk_1k_add0000_cy<8>)
     MUXCY:CI->O           1   0.059   0.000  XLXI_5/Madd_clk_1k_add0000_cy<9> (XLXI_5/Madd_clk_1k_add0000_cy<9>)
     MUXCY:CI->O           1   0.059   0.000  XLXI_5/Madd_clk_1k_add0000_cy<10> (XLXI_5/Madd_clk_1k_add0000_cy<10>)
     MUXCY:CI->O           1   0.059   0.000  XLXI_5/Madd_clk_1k_add0000_cy<11> (XLXI_5/Madd_clk_1k_add0000_cy<11>)
     MUXCY:CI->O           1   0.059   0.000  XLXI_5/Madd_clk_1k_add0000_cy<12> (XLXI_5/Madd_clk_1k_add0000_cy<12>)
     MUXCY:CI->O           1   0.059   0.000  XLXI_5/Madd_clk_1k_add0000_cy<13> (XLXI_5/Madd_clk_1k_add0000_cy<13>)
     MUXCY:CI->O           1   0.059   0.000  XLXI_5/Madd_clk_1k_add0000_cy<14> (XLXI_5/Madd_clk_1k_add0000_cy<14>)
     MUXCY:CI->O           1   0.059   0.000  XLXI_5/Madd_clk_1k_add0000_cy<15> (XLXI_5/Madd_clk_1k_add0000_cy<15>)
     MUXCY:CI->O           1   0.059   0.000  XLXI_5/Madd_clk_1k_add0000_cy<16> (XLXI_5/Madd_clk_1k_add0000_cy<16>)
     MUXCY:CI->O           1   0.059   0.000  XLXI_5/Madd_clk_1k_add0000_cy<17> (XLXI_5/Madd_clk_1k_add0000_cy<17>)
     MUXCY:CI->O           1   0.059   0.000  XLXI_5/Madd_clk_1k_add0000_cy<18> (XLXI_5/Madd_clk_1k_add0000_cy<18>)
     MUXCY:CI->O           1   0.059   0.000  XLXI_5/Madd_clk_1k_add0000_cy<19> (XLXI_5/Madd_clk_1k_add0000_cy<19>)
     MUXCY:CI->O           1   0.059   0.000  XLXI_5/Madd_clk_1k_add0000_cy<20> (XLXI_5/Madd_clk_1k_add0000_cy<20>)
     MUXCY:CI->O           1   0.059   0.000  XLXI_5/Madd_clk_1k_add0000_cy<21> (XLXI_5/Madd_clk_1k_add0000_cy<21>)
     MUXCY:CI->O           1   0.059   0.000  XLXI_5/Madd_clk_1k_add0000_cy<22> (XLXI_5/Madd_clk_1k_add0000_cy<22>)
     MUXCY:CI->O           1   0.059   0.000  XLXI_5/Madd_clk_1k_add0000_cy<23> (XLXI_5/Madd_clk_1k_add0000_cy<23>)
     MUXCY:CI->O           1   0.059   0.000  XLXI_5/Madd_clk_1k_add0000_cy<24> (XLXI_5/Madd_clk_1k_add0000_cy<24>)
     MUXCY:CI->O           1   0.059   0.000  XLXI_5/Madd_clk_1k_add0000_cy<25> (XLXI_5/Madd_clk_1k_add0000_cy<25>)
     MUXCY:CI->O           1   0.059   0.000  XLXI_5/Madd_clk_1k_add0000_cy<26> (XLXI_5/Madd_clk_1k_add0000_cy<26>)
     MUXCY:CI->O           1   0.059   0.000  XLXI_5/Madd_clk_1k_add0000_cy<27> (XLXI_5/Madd_clk_1k_add0000_cy<27>)
     MUXCY:CI->O           1   0.059   0.000  XLXI_5/Madd_clk_1k_add0000_cy<28> (XLXI_5/Madd_clk_1k_add0000_cy<28>)
     XORCY:CI->O           1   0.804   0.595  XLXI_5/Madd_clk_1k_add0000_xor<29> (XLXI_5/clk_1k_add0000<29>)
     LUT2:I0->O            1   0.704   0.000  XLXI_5/Mcompar_cnt1k_cmp_gt0000_lut<10> (XLXI_5/Mcompar_cnt1k_cmp_gt0000_lut<10>)
     MUXCY:S->O            1   0.464   0.000  XLXI_5/Mcompar_cnt1k_cmp_gt0000_cy<10> (XLXI_5/Mcompar_cnt1k_cmp_gt0000_cy<10>)
     MUXCY:CI->O          34   0.059   1.342  XLXI_5/Mcompar_cnt1k_cmp_gt0000_cy<11> (XLXI_5/Mcompar_cnt1k_cmp_gt0000_cy<11>)
     LUT2:I1->O            1   0.704   0.000  XLXI_5/Mcount_cnt1k_lut<0> (XLXI_5/Mcount_cnt1k_lut<0>)
     MUXCY:S->O            1   0.464   0.000  XLXI_5/Mcount_cnt1k_cy<0> (XLXI_5/Mcount_cnt1k_cy<0>)
     MUXCY:CI->O           1   0.059   0.000  XLXI_5/Mcount_cnt1k_cy<1> (XLXI_5/Mcount_cnt1k_cy<1>)
     MUXCY:CI->O           1   0.059   0.000  XLXI_5/Mcount_cnt1k_cy<2> (XLXI_5/Mcount_cnt1k_cy<2>)
     MUXCY:CI->O           1   0.059   0.000  XLXI_5/Mcount_cnt1k_cy<3> (XLXI_5/Mcount_cnt1k_cy<3>)
     MUXCY:CI->O           1   0.059   0.000  XLXI_5/Mcount_cnt1k_cy<4> (XLXI_5/Mcount_cnt1k_cy<4>)
     MUXCY:CI->O           1   0.059   0.000  XLXI_5/Mcount_cnt1k_cy<5> (XLXI_5/Mcount_cnt1k_cy<5>)
     MUXCY:CI->O           1   0.059   0.000  XLXI_5/Mcount_cnt1k_cy<6> (XLXI_5/Mcount_cnt1k_cy<6>)
     MUXCY:CI->O           1   0.059   0.000  XLXI_5/Mcount_cnt1k_cy<7> (XLXI_5/Mcount_cnt1k_cy<7>)
     MUXCY:CI->O           1   0.059   0.000  XLXI_5/Mcount_cnt1k_cy<8> (XLXI_5/Mcount_cnt1k_cy<8>)
     MUXCY:CI->O           1   0.059   0.000  XLXI_5/Mcount_cnt1k_cy<9> (XLXI_5/Mcount_cnt1k_cy<9>)
     MUXCY:CI->O           1   0.059   0.000  XLXI_5/Mcount_cnt1k_cy<10> (XLXI_5/Mcount_cnt1k_cy<10>)
     MUXCY:CI->O           1   0.059   0.000  XLXI_5/Mcount_cnt1k_cy<11> (XLXI_5/Mcount_cnt1k_cy<11>)
     MUXCY:CI->O           1   0.059   0.000  XLXI_5/Mcount_cnt1k_cy<12> (XLXI_5/Mcount_cnt1k_cy<12>)
     MUXCY:CI->O           1   0.059   0.000  XLXI_5/Mcount_cnt1k_cy<13> (XLXI_5/Mcount_cnt1k_cy<13>)
     MUXCY:CI->O           1   0.059   0.000  XLXI_5/Mcount_cnt1k_cy<14> (XLXI_5/Mcount_cnt1k_cy<14>)
     MUXCY:CI->O           1   0.059   0.000  XLXI_5/Mcount_cnt1k_cy<15> (XLXI_5/Mcount_cnt1k_cy<15>)
     MUXCY:CI->O           1   0.059   0.000  XLXI_5/Mcount_cnt1k_cy<16> (XLXI_5/Mcount_cnt1k_cy<16>)
     MUXCY:CI->O           1   0.059   0.000  XLXI_5/Mcount_cnt1k_cy<17> (XLXI_5/Mcount_cnt1k_cy<17>)
     MUXCY:CI->O           1   0.059   0.000  XLXI_5/Mcount_cnt1k_cy<18> (XLXI_5/Mcount_cnt1k_cy<18>)
     MUXCY:CI->O           1   0.059   0.000  XLXI_5/Mcount_cnt1k_cy<19> (XLXI_5/Mcount_cnt1k_cy<19>)
     MUXCY:CI->O           1   0.059   0.000  XLXI_5/Mcount_cnt1k_cy<20> (XLXI_5/Mcount_cnt1k_cy<20>)
     MUXCY:CI->O           1   0.059   0.000  XLXI_5/Mcount_cnt1k_cy<21> (XLXI_5/Mcount_cnt1k_cy<21>)
     MUXCY:CI->O           1   0.059   0.000  XLXI_5/Mcount_cnt1k_cy<22> (XLXI_5/Mcount_cnt1k_cy<22>)
     MUXCY:CI->O           1   0.059   0.000  XLXI_5/Mcount_cnt1k_cy<23> (XLXI_5/Mcount_cnt1k_cy<23>)
     MUXCY:CI->O           1   0.059   0.000  XLXI_5/Mcount_cnt1k_cy<24> (XLXI_5/Mcount_cnt1k_cy<24>)
     MUXCY:CI->O           1   0.059   0.000  XLXI_5/Mcount_cnt1k_cy<25> (XLXI_5/Mcount_cnt1k_cy<25>)
     MUXCY:CI->O           1   0.059   0.000  XLXI_5/Mcount_cnt1k_cy<26> (XLXI_5/Mcount_cnt1k_cy<26>)
     MUXCY:CI->O           1   0.059   0.000  XLXI_5/Mcount_cnt1k_cy<27> (XLXI_5/Mcount_cnt1k_cy<27>)
     MUXCY:CI->O           1   0.059   0.000  XLXI_5/Mcount_cnt1k_cy<28> (XLXI_5/Mcount_cnt1k_cy<28>)
     MUXCY:CI->O           1   0.059   0.000  XLXI_5/Mcount_cnt1k_cy<29> (XLXI_5/Mcount_cnt1k_cy<29>)
     MUXCY:CI->O           0   0.059   0.000  XLXI_5/Mcount_cnt1k_cy<30> (XLXI_5/Mcount_cnt1k_cy<30>)
     XORCY:CI->O           1   0.804   0.000  XLXI_5/Mcount_cnt1k_xor<31> (XLXI_5/Mcount_cnt1k31)
     FDE:D                     0.308          XLXI_5/cnt1k_31
    ----------------------------------------
    Total                     11.992ns (9.433ns logic, 2.559ns route)
                                       (78.7% logic, 21.3% route)

=========================================================================
Timing constraint: Default period analysis for Clock 'XLXI_5/clk_1k1'
  Clock period: 11.992ns (frequency: 83.390MHz)
  Total number of paths / destination ports: 314689 / 34
-------------------------------------------------------------------------
Delay:               11.992ns (Levels of Logic = 66)
  Source:            XLXI_5/cnt1_1 (FF)
  Destination:       XLXI_5/cnt1_31 (FF)
  Source Clock:      XLXI_5/clk_1k1 rising
  Destination Clock: XLXI_5/clk_1k1 rising

  Data Path: XLXI_5/cnt1_1 to XLXI_5/cnt1_31
                                Gate     Net
    Cell:in->out      fanout   Delay   Delay  Logical Name (Net Name)
    ----------------------------------------  ------------
     FDE:C->Q              2   0.591   0.622  XLXI_5/cnt1_1 (XLXI_5/cnt1_1)
     LUT1:I0->O            1   0.704   0.000  XLXI_5/Madd_clk_1_add0000_cy<1>_rt (XLXI_5/Madd_clk_1_add0000_cy<1>_rt)
     MUXCY:S->O            1   0.464   0.000  XLXI_5/Madd_clk_1_add0000_cy<1> (XLXI_5/Madd_clk_1_add0000_cy<1>)
     MUXCY:CI->O           1   0.059   0.000  XLXI_5/Madd_clk_1_add0000_cy<2> (XLXI_5/Madd_clk_1_add0000_cy<2>)
     MUXCY:CI->O           1   0.059   0.000  XLXI_5/Madd_clk_1_add0000_cy<3> (XLXI_5/Madd_clk_1_add0000_cy<3>)
     MUXCY:CI->O           1   0.059   0.000  XLXI_5/Madd_clk_1_add0000_cy<4> (XLXI_5/Madd_clk_1_add0000_cy<4>)
     MUXCY:CI->O           1   0.059   0.000  XLXI_5/Madd_clk_1_add0000_cy<5> (XLXI_5/Madd_clk_1_add0000_cy<5>)
     MUXCY:CI->O           1   0.059   0.000  XLXI_5/Madd_clk_1_add0000_cy<6> (XLXI_5/Madd_clk_1_add0000_cy<6>)
     MUXCY:CI->O           1   0.059   0.000  XLXI_5/Madd_clk_1_add0000_cy<7> (XLXI_5/Madd_clk_1_add0000_cy<7>)
     MUXCY:CI->O           1   0.059   0.000  XLXI_5/Madd_clk_1_add0000_cy<8> (XLXI_5/Madd_clk_1_add0000_cy<8>)
     MUXCY:CI->O           1   0.059   0.000  XLXI_5/Madd_clk_1_add0000_cy<9> (XLXI_5/Madd_clk_1_add0000_cy<9>)
     MUXCY:CI->O           1   0.059   0.000  XLXI_5/Madd_clk_1_add0000_cy<10> (XLXI_5/Madd_clk_1_add0000_cy<10>)
     MUXCY:CI->O           1   0.059   0.000  XLXI_5/Madd_clk_1_add0000_cy<11> (XLXI_5/Madd_clk_1_add0000_cy<11>)
     MUXCY:CI->O           1   0.059   0.000  XLXI_5/Madd_clk_1_add0000_cy<12> (XLXI_5/Madd_clk_1_add0000_cy<12>)
     MUXCY:CI->O           1   0.059   0.000  XLXI_5/Madd_clk_1_add0000_cy<13> (XLXI_5/Madd_clk_1_add0000_cy<13>)
     MUXCY:CI->O           1   0.059   0.000  XLXI_5/Madd_clk_1_add0000_cy<14> (XLXI_5/Madd_clk_1_add0000_cy<14>)
     MUXCY:CI->O           1   0.059   0.000  XLXI_5/Madd_clk_1_add0000_cy<15> (XLXI_5/Madd_clk_1_add0000_cy<15>)
     MUXCY:CI->O           1   0.059   0.000  XLXI_5/Madd_clk_1_add0000_cy<16> (XLXI_5/Madd_clk_1_add0000_cy<16>)
     MUXCY:CI->O           1   0.059   0.000  XLXI_5/Madd_clk_1_add0000_cy<17> (XLXI_5/Madd_clk_1_add0000_cy<17>)
     MUXCY:CI->O           1   0.059   0.000  XLXI_5/Madd_clk_1_add0000_cy<18> (XLXI_5/Madd_clk_1_add0000_cy<18>)
     MUXCY:CI->O           1   0.059   0.000  XLXI_5/Madd_clk_1_add0000_cy<19> (XLXI_5/Madd_clk_1_add0000_cy<19>)
     MUXCY:CI->O           1   0.059   0.000  XLXI_5/Madd_clk_1_add0000_cy<20> (XLXI_5/Madd_clk_1_add0000_cy<20>)
     MUXCY:CI->O           1   0.059   0.000  XLXI_5/Madd_clk_1_add0000_cy<21> (XLXI_5/Madd_clk_1_add0000_cy<21>)
     MUXCY:CI->O           1   0.059   0.000  XLXI_5/Madd_clk_1_add0000_cy<22> (XLXI_5/Madd_clk_1_add0000_cy<22>)
     MUXCY:CI->O           1   0.059   0.000  XLXI_5/Madd_clk_1_add0000_cy<23> (XLXI_5/Madd_clk_1_add0000_cy<23>)
     MUXCY:CI->O           1   0.059   0.000  XLXI_5/Madd_clk_1_add0000_cy<24> (XLXI_5/Madd_clk_1_add0000_cy<24>)
     MUXCY:CI->O           1   0.059   0.000  XLXI_5/Madd_clk_1_add0000_cy<25> (XLXI_5/Madd_clk_1_add0000_cy<25>)
     MUXCY:CI->O           1   0.059   0.000  XLXI_5/Madd_clk_1_add0000_cy<26> (XLXI_5/Madd_clk_1_add0000_cy<26>)
     MUXCY:CI->O           1   0.059   0.000  XLXI_5/Madd_clk_1_add0000_cy<27> (XLXI_5/Madd_clk_1_add0000_cy<27>)
     MUXCY:CI->O           1   0.059   0.000  XLXI_5/Madd_clk_1_add0000_cy<28> (XLXI_5/Madd_clk_1_add0000_cy<28>)
     XORCY:CI->O           1   0.804   0.595  XLXI_5/Madd_clk_1_add0000_xor<29> (XLXI_5/clk_1_add0000<29>)
     LUT2:I0->O            1   0.704   0.000  XLXI_5/Mcompar_cnt1_cmp_gt0000_lut<10> (XLXI_5/Mcompar_cnt1_cmp_gt0000_lut<10>)
     MUXCY:S->O            1   0.464   0.000  XLXI_5/Mcompar_cnt1_cmp_gt0000_cy<10> (XLXI_5/Mcompar_cnt1_cmp_gt0000_cy<10>)
     MUXCY:CI->O          34   0.059   1.342  XLXI_5/Mcompar_cnt1_cmp_gt0000_cy<11> (XLXI_5/Mcompar_cnt1_cmp_gt0000_cy<11>)
     LUT2:I1->O            1   0.704   0.000  XLXI_5/Mcount_cnt1_lut<0> (XLXI_5/Mcount_cnt1_lut<0>)
     MUXCY:S->O            1   0.464   0.000  XLXI_5/Mcount_cnt1_cy<0> (XLXI_5/Mcount_cnt1_cy<0>)
     MUXCY:CI->O           1   0.059   0.000  XLXI_5/Mcount_cnt1_cy<1> (XLXI_5/Mcount_cnt1_cy<1>)
     MUXCY:CI->O           1   0.059   0.000  XLXI_5/Mcount_cnt1_cy<2> (XLXI_5/Mcount_cnt1_cy<2>)
     MUXCY:CI->O           1   0.059   0.000  XLXI_5/Mcount_cnt1_cy<3> (XLXI_5/Mcount_cnt1_cy<3>)
     MUXCY:CI->O           1   0.059   0.000  XLXI_5/Mcount_cnt1_cy<4> (XLXI_5/Mcount_cnt1_cy<4>)
     MUXCY:CI->O           1   0.059   0.000  XLXI_5/Mcount_cnt1_cy<5> (XLXI_5/Mcount_cnt1_cy<5>)
     MUXCY:CI->O           1   0.059   0.000  XLXI_5/Mcount_cnt1_cy<6> (XLXI_5/Mcount_cnt1_cy<6>)
     MUXCY:CI->O           1   0.059   0.000  XLXI_5/Mcount_cnt1_cy<7> (XLXI_5/Mcount_cnt1_cy<7>)
     MUXCY:CI->O           1   0.059   0.000  XLXI_5/Mcount_cnt1_cy<8> (XLXI_5/Mcount_cnt1_cy<8>)
     MUXCY:CI->O           1   0.059   0.000  XLXI_5/Mcount_cnt1_cy<9> (XLXI_5/Mcount_cnt1_cy<9>)
     MUXCY:CI->O           1   0.059   0.000  XLXI_5/Mcount_cnt1_cy<10> (XLXI_5/Mcount_cnt1_cy<10>)
     MUXCY:CI->O           1   0.059   0.000  XLXI_5/Mcount_cnt1_cy<11> (XLXI_5/Mcount_cnt1_cy<11>)
     MUXCY:CI->O           1   0.059   0.000  XLXI_5/Mcount_cnt1_cy<12> (XLXI_5/Mcount_cnt1_cy<12>)
     MUXCY:CI->O           1   0.059   0.000  XLXI_5/Mcount_cnt1_cy<13> (XLXI_5/Mcount_cnt1_cy<13>)
     MUXCY:CI->O           1   0.059   0.000  XLXI_5/Mcount_cnt1_cy<14> (XLXI_5/Mcount_cnt1_cy<14>)
     MUXCY:CI->O           1   0.059   0.000  XLXI_5/Mcount_cnt1_cy<15> (XLXI_5/Mcount_cnt1_cy<15>)
     MUXCY:CI->O           1   0.059   0.000  XLXI_5/Mcount_cnt1_cy<16> (XLXI_5/Mcount_cnt1_cy<16>)
     MUXCY:CI->O           1   0.059   0.000  XLXI_5/Mcount_cnt1_cy<17> (XLXI_5/Mcount_cnt1_cy<17>)
     MUXCY:CI->O           1   0.059   0.000  XLXI_5/Mcount_cnt1_cy<18> (XLXI_5/Mcount_cnt1_cy<18>)
     MUXCY:CI->O           1   0.059   0.000  XLXI_5/Mcount_cnt1_cy<19> (XLXI_5/Mcount_cnt1_cy<19>)
     MUXCY:CI->O           1   0.059   0.000  XLXI_5/Mcount_cnt1_cy<20> (XLXI_5/Mcount_cnt1_cy<20>)
     MUXCY:CI->O           1   0.059   0.000  XLXI_5/Mcount_cnt1_cy<21> (XLXI_5/Mcount_cnt1_cy<21>)
     MUXCY:CI->O           1   0.059   0.000  XLXI_5/Mcount_cnt1_cy<22> (XLXI_5/Mcount_cnt1_cy<22>)
     MUXCY:CI->O           1   0.059   0.000  XLXI_5/Mcount_cnt1_cy<23> (XLXI_5/Mcount_cnt1_cy<23>)
     MUXCY:CI->O           1   0.059   0.000  XLXI_5/Mcount_cnt1_cy<24> (XLXI_5/Mcount_cnt1_cy<24>)
     MUXCY:CI->O           1   0.059   0.000  XLXI_5/Mcount_cnt1_cy<25> (XLXI_5/Mcount_cnt1_cy<25>)
     MUXCY:CI->O           1   0.059   0.000  XLXI_5/Mcount_cnt1_cy<26> (XLXI_5/Mcount_cnt1_cy<26>)
     MUXCY:CI->O           1   0.059   0.000  XLXI_5/Mcount_cnt1_cy<27> (XLXI_5/Mcount_cnt1_cy<27>)
     MUXCY:CI->O           1   0.059   0.000  XLXI_5/Mcount_cnt1_cy<28> (XLXI_5/Mcount_cnt1_cy<28>)
     MUXCY:CI->O           1   0.059   0.000  XLXI_5/Mcount_cnt1_cy<29> (XLXI_5/Mcount_cnt1_cy<29>)
     MUXCY:CI->O           0   0.059   0.000  XLXI_5/Mcount_cnt1_cy<30> (XLXI_5/Mcount_cnt1_cy<30>)
     XORCY:CI->O           1   0.804   0.000  XLXI_5/Mcount_cnt1_xor<31> (XLXI_5/Mcount_cnt131)
     FDE:D                     0.308          XLXI_5/cnt1_31
    ----------------------------------------
    Total                     11.992ns (9.433ns logic, 2.559ns route)
                                       (78.7% logic, 21.3% route)

=========================================================================
Timing constraint: Default OFFSET OUT AFTER for Clock 'C2_OBUF'
  Total number of paths / destination ports: 1 / 1
-------------------------------------------------------------------------
Offset:              4.310ns (Levels of Logic = 1)
  Source:            XLXI_3 (FF)
  Destination:       C3 (PAD)
  Source Clock:      C2_OBUF rising

  Data Path: XLXI_3 to C3
                                Gate     Net
    Cell:in->out      fanout   Delay   Delay  Logical Name (Net Name)
    ----------------------------------------  ------------
     FD:C->Q               2   0.591   0.447  XLXI_3 (C3_OBUF)
     OBUF:I->O                 3.272          C3_OBUF (C3)
    ----------------------------------------
    Total                      4.310ns (3.863ns logic, 0.447ns route)
                                       (89.6% logic, 10.4% route)

=========================================================================
Timing constraint: Default OFFSET OUT AFTER for Clock 'XLXI_5/clk_1k1'
  Total number of paths / destination ports: 1 / 1
-------------------------------------------------------------------------
Offset:              4.394ns (Levels of Logic = 1)
  Source:            XLXI_5/clk_1 (FF)
  Destination:       C1 (PAD)
  Source Clock:      XLXI_5/clk_1k1 rising

  Data Path: XLXI_5/clk_1 to C1
                                Gate     Net
    Cell:in->out      fanout   Delay   Delay  Logical Name (Net Name)
    ----------------------------------------  ------------
     FDE:C->Q              3   0.591   0.531  XLXI_5/clk_1 (XLXI_5/clk_1)
     OBUF:I->O                 3.272          C1_OBUF (C1)
    ----------------------------------------
    Total                      4.394ns (3.863ns logic, 0.531ns route)
                                       (87.9% logic, 12.1% route)

=========================================================================
Timing constraint: Default OFFSET OUT AFTER for Clock 'XLXI_5/clk_1'
  Total number of paths / destination ports: 1 / 1
-------------------------------------------------------------------------
Offset:              4.394ns (Levels of Logic = 1)
  Source:            XLXI_1 (FF)
  Destination:       C2 (PAD)
  Source Clock:      XLXI_5/clk_1 rising

  Data Path: XLXI_1 to C2
                                Gate     Net
    Cell:in->out      fanout   Delay   Delay  Logical Name (Net Name)
    ----------------------------------------  ------------
     FD:C->Q               3   0.591   0.531  XLXI_1 (C2_OBUF)
     OBUF:I->O                 3.272          C2_OBUF (C2)
    ----------------------------------------
    Total                      4.394ns (3.863ns logic, 0.531ns route)
                                       (87.9% logic, 12.1% route)

=========================================================================


Total REAL time to Xst completion: 5.00 secs
Total CPU time to Xst completion: 4.41 secs
 
--> 


Total memory usage is 535904 kilobytes

Number of errors   :    0 (   0 filtered)
Number of warnings :   37 (   0 filtered)
Number of infos    :    1 (   0 filtered)

