Release 14.6 - xst P.68d (lin64)
Copyright (c) 1995-2013 Xilinx, Inc.  All rights reserved.
--> 
Parameter TMPDIR set to xst/projnav.tmp


Total REAL time to Xst completion: 0.00 secs
Total CPU time to Xst completion: 0.03 secs
 
--> 
Parameter xsthdpdir set to xst


Total REAL time to Xst completion: 0.00 secs
Total CPU time to Xst completion: 0.03 secs
 
--> 
Reading design: Lab6_Ex4_V2.prj

TABLE OF CONTENTS
  1) Synthesis Options Summary
  2) HDL Compilation
  3) Design Hierarchy Analysis
  4) HDL Analysis
  5) HDL Synthesis
     5.1) HDL Synthesis Report
  6) Advanced HDL Synthesis
     6.1) Advanced HDL Synthesis Report
  7) Low Level Synthesis
  8) Partition Report
  9) Final Report
	9.1) Device utilization summary
	9.2) Partition Resource Summary
	9.3) TIMING REPORT


=========================================================================
*                      Synthesis Options Summary                        *
=========================================================================
---- Source Parameters
Input File Name                    : "Lab6_Ex4_V2.prj"
Input Format                       : mixed
Ignore Synthesis Constraint File   : NO

---- Target Parameters
Output File Name                   : "Lab6_Ex4_V2"
Output Format                      : NGC
Target Device                      : xc3s100e-4-cp132

---- Source Options
Top Module Name                    : Lab6_Ex4_V2
Automatic FSM Extraction           : YES
FSM Encoding Algorithm             : Auto
Safe Implementation                : No
FSM Style                          : LUT
RAM Extraction                     : Yes
RAM Style                          : Auto
ROM Extraction                     : Yes
Mux Style                          : Auto
Decoder Extraction                 : YES
Priority Encoder Extraction        : Yes
Shift Register Extraction          : YES
Logical Shifter Extraction         : YES
XOR Collapsing                     : YES
ROM Style                          : Auto
Mux Extraction                     : Yes
Resource Sharing                   : YES
Asynchronous To Synchronous        : NO
Multiplier Style                   : Auto
Automatic Register Balancing       : No

---- Target Options
Add IO Buffers                     : YES
Global Maximum Fanout              : 100000
Add Generic Clock Buffer(BUFG)     : 24
Register Duplication               : YES
Slice Packing                      : YES
Optimize Instantiated Primitives   : NO
Use Clock Enable                   : Yes
Use Synchronous Set                : Yes
Use Synchronous Reset              : Yes
Pack IO Registers into IOBs        : Auto
Equivalent register Removal        : YES

---- General Options
Optimization Goal                  : Speed
Optimization Effort                : 1
Keep Hierarchy                     : No
Netlist Hierarchy                  : As_Optimized
RTL Output                         : Yes
Global Optimization                : AllClockNets
Read Cores                         : YES
Write Timing Constraints           : NO
Cross Clock Analysis               : NO
Hierarchy Separator                : /
Bus Delimiter                      : <>
Case Specifier                     : Maintain
Slice Utilization Ratio            : 100
BRAM Utilization Ratio             : 100
Verilog 2001                       : YES
Auto BRAM Packing                  : NO
Slice Utilization Ratio Delta      : 5

=========================================================================


=========================================================================
*                          HDL Compilation                              *
=========================================================================
Compiling vhdl file "/home/nick/git-repos/Physics301-Fall2018-NL-RC/goodies/bin2BCD3en.vhd" in Library work.
Entity <bin2BCD3en> compiled.
Entity <bin2BCD3en> (Architecture <Behavioral>) compiled.
Compiling vhdl file "/home/nick/git-repos/Physics301-Fall2018-NL-RC/goodies/sel_strobeB.vhd" in Library work.
Entity <sel_strobeB> compiled.
Entity <sel_strobeB> (Architecture <Behavioral>) compiled.
Compiling vhdl file "/home/nick/git-repos/Physics301-Fall2018-NL-RC/Lab6/Lab6_Ex4_V2/Lab6_Ex4_V2/CRenc4bin.vhd" in Library work.
Entity <CRenc4bin> compiled.
Entity <CRenc4bin> (Architecture <Behavioral>) compiled.
Compiling vhdl file "/home/nick/git-repos/Physics301-Fall2018-NL-RC/Lab6/Lab6_Ex4_V2/Lab6_Ex4_V2/DCM_50M.vhd" in Library work.
Entity <DCM_50M> compiled.
Entity <DCM_50M> (Architecture <Behavioral>) compiled.
Compiling vhdl file "/home/nick/git-repos/Physics301-Fall2018-NL-RC/Lab6/Lab6_Ex4_V2/Lab6_Ex4_V2/mux4SSD.vhd" in Library work.
Entity <mux4SSD> compiled.
Entity <mux4SSD> (Architecture <Behavioral>) compiled.
Compiling vhdl file "/home/nick/git-repos/Physics301-Fall2018-NL-RC/Lab6/Lab6_Ex4_V2/Lab6_Ex4_V2/SSD_1dig.vhd" in Library work.
Entity <SSD_1dig> compiled.
Entity <SSD_1dig> (Architecture <Behavioral>) compiled.
Compiling verilog file "Lab6_Ex4_V2.vf" in library work
Module <Lab6_Ex4_V2> compiled
No errors in compilation
Analysis of file <"Lab6_Ex4_V2.prj"> succeeded.
 

=========================================================================
*                     Design Hierarchy Analysis                         *
=========================================================================
Analyzing hierarchy for module <Lab6_Ex4_V2> in library <work>.

Analyzing hierarchy for entity <dcm_50m> in library <work> (architecture <Behavioral>) with generics.
	DIV100 = 50
	DIV1k = 500
	DIV50 = 25

Analyzing hierarchy for entity <crenc4bin> in library <work> (architecture <Behavioral>).

Analyzing hierarchy for entity <bin2bcd3en> in library <work> (architecture <Behavioral>).

Analyzing hierarchy for entity <sel_strobeb> in library <work> (architecture <Behavioral>).

Analyzing hierarchy for entity <mux4ssd> in library <work> (architecture <Behavioral>).

Analyzing hierarchy for entity <ssd_1dig> in library <work> (architecture <Behavioral>).


=========================================================================
*                            HDL Analysis                               *
=========================================================================
Analyzing top module <Lab6_Ex4_V2>.
WARNING:Xst:852 - "Lab6_Ex4_V2.vf" line 78: Unconnected input port 'dp_in' of instance 'XLXI_15' is tied to GND.
Module <Lab6_Ex4_V2> is correct for synthesis.
 
Analyzing generic Entity <dcm_50m> in library <work> (Architecture <Behavioral>).
	DIV100 = 50
	DIV1k = 500
	DIV50 = 25
Entity <dcm_50m> analyzed. Unit <dcm_50m> generated.

Analyzing Entity <crenc4bin> in library <work> (Architecture <Behavioral>).
Entity <crenc4bin> analyzed. Unit <crenc4bin> generated.

Analyzing Entity <bin2bcd3en> in library <work> (Architecture <Behavioral>).
INFO:Xst:1561 - "/home/nick/git-repos/Physics301-Fall2018-NL-RC/goodies/bin2BCD3en.vhd" line 62: Mux is complete : default of case is discarded
INFO:Xst:1561 - "/home/nick/git-repos/Physics301-Fall2018-NL-RC/goodies/bin2BCD3en.vhd" line 62: Mux is complete : default of case is discarded
INFO:Xst:2679 - Register <Dout3> in unit <bin2bcd3en> has a constant value of 0000 during circuit operation. The register is replaced by logic.
Entity <bin2bcd3en> analyzed. Unit <bin2bcd3en> generated.

Analyzing Entity <sel_strobeb> in library <work> (Architecture <Behavioral>).
Entity <sel_strobeb> analyzed. Unit <sel_strobeb> generated.

Analyzing Entity <mux4ssd> in library <work> (Architecture <Behavioral>).
Entity <mux4ssd> analyzed. Unit <mux4ssd> generated.

Analyzing Entity <ssd_1dig> in library <work> (Architecture <Behavioral>).
Entity <ssd_1dig> analyzed. Unit <ssd_1dig> generated.


=========================================================================
*                           HDL Synthesis                               *
=========================================================================

Performing bidirectional port resolution...

Synthesizing Unit <dcm_50m>.
    Related source file is "/home/nick/git-repos/Physics301-Fall2018-NL-RC/Lab6/Lab6_Ex4_V2/Lab6_Ex4_V2/DCM_50M.vhd".
    Found 1-bit register for signal <clk_1>.
    Found 32-bit adder for signal <clk_1$add0000> created at line 121.
    Found 1-bit register for signal <clk_10k>.
    Found 1-bit register for signal <clk_1k>.
    Found 32-bit adder for signal <clk_1k$add0000> created at line 101.
    Found 1-bit register for signal <clk_1m>.
    Found 32-bit adder for signal <clk_1m$add0000> created at line 61.
    Found 32-bit up counter for signal <cnt1>.
    Found 32-bit comparator greater for signal <cnt1$cmp_gt0000> created at line 122.
    Found 32-bit up counter for signal <cnt10k>.
    Found 32-bit adder for signal <cnt10k$add0000> created at line 81.
    Found 32-bit comparator greater for signal <cnt10k$cmp_gt0000> created at line 82.
    Found 32-bit up counter for signal <cnt1k>.
    Found 32-bit comparator greater for signal <cnt1k$cmp_gt0000> created at line 102.
    Found 32-bit up counter for signal <cnt1M>.
    Found 32-bit comparator greatequal for signal <cnt1M$cmp_ge0000> created at line 62.
    Summary:
	inferred   4 Counter(s).
	inferred   4 D-type flip-flop(s).
	inferred   4 Adder/Subtractor(s).
	inferred   4 Comparator(s).
Unit <dcm_50m> synthesized.


Synthesizing Unit <crenc4bin>.
    Related source file is "/home/nick/git-repos/Physics301-Fall2018-NL-RC/Lab6/Lab6_Ex4_V2/Lab6_Ex4_V2/CRenc4bin.vhd".
    Found 4-bit register for signal <colO>.
    Found 1-bit register for signal <keyO>.
    Found 4-bit register for signal <binO>.
    Found 4-bit register for signal <colI>.
    Summary:
	inferred  13 D-type flip-flop(s).
Unit <crenc4bin> synthesized.


Synthesizing Unit <bin2bcd3en>.
    Related source file is "/home/nick/git-repos/Physics301-Fall2018-NL-RC/goodies/bin2BCD3en.vhd".
    Found 16x4-bit ROM for signal <b9$mux0000> created at line 50.
    Found 16x4-bit ROM for signal <b8$mux0000> created at line 50.
    Found 16x4-bit ROM for signal <b7$mux0000> created at line 50.
    Found 16x4-bit ROM for signal <b6$mux0000> created at line 50.
    Found 16x4-bit ROM for signal <b4$mux0000> created at line 50.
    Found 8x4-bit ROM for signal <b$mux0000> created at line 50.
    Found 16x4-bit ROM for signal <b11$mux0000> created at line 50.
    Found 16x4-bit ROM for signal <b10$mux0000> created at line 50.
    Found 4-bit register for signal <RBout>.
    Found 4-bit register for signal <Dout0>.
    Found 4-bit register for signal <Dout1>.
    Found 4-bit register for signal <Dout2>.
    Summary:
	inferred   8 ROM(s).
	inferred  12 D-type flip-flop(s).
Unit <bin2bcd3en> synthesized.


Synthesizing Unit <sel_strobeb>.
    Related source file is "/home/nick/git-repos/Physics301-Fall2018-NL-RC/goodies/sel_strobeB.vhd".
    Found 4x2-bit ROM for signal <sel$mux0001> created at line 44.
    Found 2-bit register for signal <sel>.
    Found 2-bit register for signal <selx>.
    Summary:
	inferred   1 ROM(s).
	inferred   4 D-type flip-flop(s).
Unit <sel_strobeb> synthesized.


Synthesizing Unit <mux4ssd>.
    Related source file is "/home/nick/git-repos/Physics301-Fall2018-NL-RC/Lab6/Lab6_Ex4_V2/Lab6_Ex4_V2/mux4SSD.vhd".
Unit <mux4ssd> synthesized.


Synthesizing Unit <ssd_1dig>.
    Related source file is "/home/nick/git-repos/Physics301-Fall2018-NL-RC/Lab6/Lab6_Ex4_V2/Lab6_Ex4_V2/SSD_1dig.vhd".
    Found 16x7-bit ROM for signal <hexD$rom0000>.
    Summary:
	inferred   1 ROM(s).
Unit <ssd_1dig> synthesized.


Synthesizing Unit <Lab6_Ex4_V2>.
    Related source file is "Lab6_Ex4_V2.vf".
WARNING:Xst:653 - Signal <Din<7:4>> is used but never assigned. This sourceless signal will be automatically connected to value 0000.
Unit <Lab6_Ex4_V2> synthesized.


=========================================================================
HDL Synthesis Report

Macro Statistics
# ROMs                                                 : 10
 16x4-bit ROM                                          : 7
 16x7-bit ROM                                          : 1
 4x2-bit ROM                                           : 1
 8x4-bit ROM                                           : 1
# Adders/Subtractors                                   : 4
 32-bit adder                                          : 4
# Counters                                             : 4
 32-bit up counter                                     : 4
# Registers                                            : 20
 1-bit register                                        : 13
 2-bit register                                        : 2
 4-bit register                                        : 5
# Comparators                                          : 4
 32-bit comparator greatequal                          : 1
 32-bit comparator greater                             : 3

=========================================================================

=========================================================================
*                       Advanced HDL Synthesis                          *
=========================================================================

INFO:Xst:2261 - The FF/Latch <Dout2_2> in Unit <XLXI_13> is equivalent to the following FF/Latch, which will be removed : <Dout2_3> 
WARNING:Xst:1710 - FF/Latch <Dout2_2> (without init value) has a constant value of 0 in block <XLXI_13>. This FF/Latch will be trimmed during the optimization process.
WARNING:Xst:2404 -  FFs/Latches <Dout2<3:2>> (without init value) have a constant value of 0 in block <bin2bcd3en>.

Synthesizing (advanced) Unit <sel_strobeb>.
INFO:Xst:3034 - In order to maximize performance and save block RAM resources, the small ROM <Mrom_sel_mux0001> will be implemented on LUT. If you want to force its implementation on block, use option/constraint rom_style.
Unit <sel_strobeb> synthesized (advanced).

=========================================================================
Advanced HDL Synthesis Report

Macro Statistics
# ROMs                                                 : 10
 16x4-bit ROM                                          : 7
 16x7-bit ROM                                          : 1
 4x2-bit ROM                                           : 1
 8x4-bit ROM                                           : 1
# Adders/Subtractors                                   : 4
 32-bit adder                                          : 4
# Counters                                             : 4
 32-bit up counter                                     : 4
# Registers                                            : 35
 Flip-Flops                                            : 35
# Comparators                                          : 4
 32-bit comparator greatequal                          : 1
 32-bit comparator greater                             : 3

=========================================================================

=========================================================================
*                         Low Level Synthesis                           *
=========================================================================
INFO:Xst:2261 - The FF/Latch <RBout_1> in Unit <bin2bcd3en> is equivalent to the following FF/Latch, which will be removed : <RBout_0> 
WARNING:Xst:1710 - FF/Latch <RBout_3> (without init value) has a constant value of 1 in block <bin2bcd3en>. This FF/Latch will be trimmed during the optimization process.
WARNING:Xst:1895 - Due to other FF/Latch trimming, FF/Latch <RBout_1> (without init value) has a constant value of 0 in block <bin2bcd3en>. This FF/Latch will be trimmed during the optimization process.
WARNING:Xst:1710 - FF/Latch <Dout1_3> (without init value) has a constant value of 0 in block <bin2bcd3en>. This FF/Latch will be trimmed during the optimization process.
WARNING:Xst:1895 - Due to other FF/Latch trimming, FF/Latch <Dout1_2> (without init value) has a constant value of 0 in block <bin2bcd3en>. This FF/Latch will be trimmed during the optimization process.
WARNING:Xst:1895 - Due to other FF/Latch trimming, FF/Latch <Dout1_1> (without init value) has a constant value of 0 in block <bin2bcd3en>. This FF/Latch will be trimmed during the optimization process.
WARNING:Xst:1895 - Due to other FF/Latch trimming, FF/Latch <Dout2_0> (without init value) has a constant value of 0 in block <bin2bcd3en>. This FF/Latch will be trimmed during the optimization process.
WARNING:Xst:1895 - Due to other FF/Latch trimming, FF/Latch <Dout2_1> (without init value) has a constant value of 0 in block <bin2bcd3en>. This FF/Latch will be trimmed during the optimization process.

Optimizing unit <Lab6_Ex4_V2> ...

Optimizing unit <dcm_50m> ...

Optimizing unit <crenc4bin> ...

Optimizing unit <bin2bcd3en> ...
WARNING:Xst:2677 - Node <XLXI_11/cnt1k_31> of sequential type is unconnected in block <Lab6_Ex4_V2>.
WARNING:Xst:2677 - Node <XLXI_11/cnt1k_30> of sequential type is unconnected in block <Lab6_Ex4_V2>.
WARNING:Xst:2677 - Node <XLXI_11/cnt1k_29> of sequential type is unconnected in block <Lab6_Ex4_V2>.
WARNING:Xst:2677 - Node <XLXI_11/cnt1k_28> of sequential type is unconnected in block <Lab6_Ex4_V2>.
WARNING:Xst:2677 - Node <XLXI_11/cnt1k_27> of sequential type is unconnected in block <Lab6_Ex4_V2>.
WARNING:Xst:2677 - Node <XLXI_11/cnt1k_26> of sequential type is unconnected in block <Lab6_Ex4_V2>.
WARNING:Xst:2677 - Node <XLXI_11/cnt1k_25> of sequential type is unconnected in block <Lab6_Ex4_V2>.
WARNING:Xst:2677 - Node <XLXI_11/cnt1k_24> of sequential type is unconnected in block <Lab6_Ex4_V2>.
WARNING:Xst:2677 - Node <XLXI_11/cnt1k_23> of sequential type is unconnected in block <Lab6_Ex4_V2>.
WARNING:Xst:2677 - Node <XLXI_11/cnt1k_22> of sequential type is unconnected in block <Lab6_Ex4_V2>.
WARNING:Xst:2677 - Node <XLXI_11/cnt1k_21> of sequential type is unconnected in block <Lab6_Ex4_V2>.
WARNING:Xst:2677 - Node <XLXI_11/cnt1k_20> of sequential type is unconnected in block <Lab6_Ex4_V2>.
WARNING:Xst:2677 - Node <XLXI_11/cnt1k_19> of sequential type is unconnected in block <Lab6_Ex4_V2>.
WARNING:Xst:2677 - Node <XLXI_11/cnt1k_18> of sequential type is unconnected in block <Lab6_Ex4_V2>.
WARNING:Xst:2677 - Node <XLXI_11/cnt1k_17> of sequential type is unconnected in block <Lab6_Ex4_V2>.
WARNING:Xst:2677 - Node <XLXI_11/cnt1k_16> of sequential type is unconnected in block <Lab6_Ex4_V2>.
WARNING:Xst:2677 - Node <XLXI_11/cnt1k_15> of sequential type is unconnected in block <Lab6_Ex4_V2>.
WARNING:Xst:2677 - Node <XLXI_11/cnt1k_14> of sequential type is unconnected in block <Lab6_Ex4_V2>.
WARNING:Xst:2677 - Node <XLXI_11/cnt1k_13> of sequential type is unconnected in block <Lab6_Ex4_V2>.
WARNING:Xst:2677 - Node <XLXI_11/cnt1k_12> of sequential type is unconnected in block <Lab6_Ex4_V2>.
WARNING:Xst:2677 - Node <XLXI_11/cnt1k_11> of sequential type is unconnected in block <Lab6_Ex4_V2>.
WARNING:Xst:2677 - Node <XLXI_11/cnt1k_10> of sequential type is unconnected in block <Lab6_Ex4_V2>.
WARNING:Xst:2677 - Node <XLXI_11/cnt1k_9> of sequential type is unconnected in block <Lab6_Ex4_V2>.
WARNING:Xst:2677 - Node <XLXI_11/cnt1k_8> of sequential type is unconnected in block <Lab6_Ex4_V2>.
WARNING:Xst:2677 - Node <XLXI_11/cnt1k_7> of sequential type is unconnected in block <Lab6_Ex4_V2>.
WARNING:Xst:2677 - Node <XLXI_11/cnt1k_6> of sequential type is unconnected in block <Lab6_Ex4_V2>.
WARNING:Xst:2677 - Node <XLXI_11/cnt1k_5> of sequential type is unconnected in block <Lab6_Ex4_V2>.
WARNING:Xst:2677 - Node <XLXI_11/cnt1k_4> of sequential type is unconnected in block <Lab6_Ex4_V2>.
WARNING:Xst:2677 - Node <XLXI_11/cnt1k_3> of sequential type is unconnected in block <Lab6_Ex4_V2>.
WARNING:Xst:2677 - Node <XLXI_11/cnt1k_2> of sequential type is unconnected in block <Lab6_Ex4_V2>.
WARNING:Xst:2677 - Node <XLXI_11/cnt1k_1> of sequential type is unconnected in block <Lab6_Ex4_V2>.
WARNING:Xst:2677 - Node <XLXI_11/cnt1k_0> of sequential type is unconnected in block <Lab6_Ex4_V2>.
WARNING:Xst:2677 - Node <XLXI_11/cnt1_31> of sequential type is unconnected in block <Lab6_Ex4_V2>.
WARNING:Xst:2677 - Node <XLXI_11/cnt1_30> of sequential type is unconnected in block <Lab6_Ex4_V2>.
WARNING:Xst:2677 - Node <XLXI_11/cnt1_29> of sequential type is unconnected in block <Lab6_Ex4_V2>.
WARNING:Xst:2677 - Node <XLXI_11/cnt1_28> of sequential type is unconnected in block <Lab6_Ex4_V2>.
WARNING:Xst:2677 - Node <XLXI_11/cnt1_27> of sequential type is unconnected in block <Lab6_Ex4_V2>.
WARNING:Xst:2677 - Node <XLXI_11/cnt1_26> of sequential type is unconnected in block <Lab6_Ex4_V2>.
WARNING:Xst:2677 - Node <XLXI_11/cnt1_25> of sequential type is unconnected in block <Lab6_Ex4_V2>.
WARNING:Xst:2677 - Node <XLXI_11/cnt1_24> of sequential type is unconnected in block <Lab6_Ex4_V2>.
WARNING:Xst:2677 - Node <XLXI_11/cnt1_23> of sequential type is unconnected in block <Lab6_Ex4_V2>.
WARNING:Xst:2677 - Node <XLXI_11/cnt1_22> of sequential type is unconnected in block <Lab6_Ex4_V2>.
WARNING:Xst:2677 - Node <XLXI_11/cnt1_21> of sequential type is unconnected in block <Lab6_Ex4_V2>.
WARNING:Xst:2677 - Node <XLXI_11/cnt1_20> of sequential type is unconnected in block <Lab6_Ex4_V2>.
WARNING:Xst:2677 - Node <XLXI_11/cnt1_19> of sequential type is unconnected in block <Lab6_Ex4_V2>.
WARNING:Xst:2677 - Node <XLXI_11/cnt1_18> of sequential type is unconnected in block <Lab6_Ex4_V2>.
WARNING:Xst:2677 - Node <XLXI_11/cnt1_17> of sequential type is unconnected in block <Lab6_Ex4_V2>.
WARNING:Xst:2677 - Node <XLXI_11/cnt1_16> of sequential type is unconnected in block <Lab6_Ex4_V2>.
WARNING:Xst:2677 - Node <XLXI_11/cnt1_15> of sequential type is unconnected in block <Lab6_Ex4_V2>.
WARNING:Xst:2677 - Node <XLXI_11/cnt1_14> of sequential type is unconnected in block <Lab6_Ex4_V2>.
WARNING:Xst:2677 - Node <XLXI_11/cnt1_13> of sequential type is unconnected in block <Lab6_Ex4_V2>.
WARNING:Xst:2677 - Node <XLXI_11/cnt1_12> of sequential type is unconnected in block <Lab6_Ex4_V2>.
WARNING:Xst:2677 - Node <XLXI_11/cnt1_11> of sequential type is unconnected in block <Lab6_Ex4_V2>.
WARNING:Xst:2677 - Node <XLXI_11/cnt1_10> of sequential type is unconnected in block <Lab6_Ex4_V2>.
WARNING:Xst:2677 - Node <XLXI_11/cnt1_9> of sequential type is unconnected in block <Lab6_Ex4_V2>.
WARNING:Xst:2677 - Node <XLXI_11/cnt1_8> of sequential type is unconnected in block <Lab6_Ex4_V2>.
WARNING:Xst:2677 - Node <XLXI_11/cnt1_7> of sequential type is unconnected in block <Lab6_Ex4_V2>.
WARNING:Xst:2677 - Node <XLXI_11/cnt1_6> of sequential type is unconnected in block <Lab6_Ex4_V2>.
WARNING:Xst:2677 - Node <XLXI_11/cnt1_5> of sequential type is unconnected in block <Lab6_Ex4_V2>.
WARNING:Xst:2677 - Node <XLXI_11/cnt1_4> of sequential type is unconnected in block <Lab6_Ex4_V2>.
WARNING:Xst:2677 - Node <XLXI_11/cnt1_3> of sequential type is unconnected in block <Lab6_Ex4_V2>.
WARNING:Xst:2677 - Node <XLXI_11/cnt1_2> of sequential type is unconnected in block <Lab6_Ex4_V2>.
WARNING:Xst:2677 - Node <XLXI_11/cnt1_1> of sequential type is unconnected in block <Lab6_Ex4_V2>.
WARNING:Xst:2677 - Node <XLXI_11/cnt1_0> of sequential type is unconnected in block <Lab6_Ex4_V2>.
WARNING:Xst:2677 - Node <XLXI_11/clk_1> of sequential type is unconnected in block <Lab6_Ex4_V2>.
WARNING:Xst:2677 - Node <XLXI_11/clk_1k> of sequential type is unconnected in block <Lab6_Ex4_V2>.
WARNING:Xst:2677 - Node <XLXI_13/RBout_2> of sequential type is unconnected in block <Lab6_Ex4_V2>.

Mapping all equations...
Building and optimizing final netlist ...
Found area constraint ratio of 100 (+ 5) on block Lab6_Ex4_V2, actual ratio is 11.

Final Macro Processing ...

=========================================================================
Final Register Report

Macro Statistics
# Registers                                            : 88
 Flip-Flops                                            : 88

=========================================================================

=========================================================================
*                           Partition Report                            *
=========================================================================

Partition Implementation Status
-------------------------------

  No Partitions were found in this design.

-------------------------------

=========================================================================
*                            Final Report                               *
=========================================================================
Final Results
RTL Top Level Output File Name     : Lab6_Ex4_V2.ngr
Top Level Output File Name         : Lab6_Ex4_V2
Output Format                      : NGC
Optimization Goal                  : Speed
Keep Hierarchy                     : No

Design Statistics
# IOs                              : 23

Cell Usage :
# BELS                             : 494
#      GND                         : 1
#      INV                         : 10
#      LUT1                        : 64
#      LUT2                        : 49
#      LUT3                        : 47
#      LUT4                        : 44
#      MUXCY                       : 147
#      MUXF5                       : 3
#      VCC                         : 1
#      XORCY                       : 128
# FlipFlops/Latches                : 88
#      FD                          : 3
#      FDCP                        : 5
#      FDE                         : 74
#      FDR                         : 1
#      FDRS                        : 1
#      FDS                         : 4
# Clock Buffers                    : 2
#      BUFG                        : 1
#      BUFGP                       : 1
# IO Buffers                       : 22
#      IBUF                        : 5
#      OBUF                        : 17
# Others                           : 2
#      PULLDOWN                    : 1
#      PULLUP                      : 1
=========================================================================

Device utilization summary:
---------------------------

Selected Device : 3s100ecp132-4 

 Number of Slices:                      109  out of    960    11%  
 Number of Slice Flip Flops:             88  out of   1920     4%  
 Number of 4 input LUTs:                214  out of   1920    11%  
 Number of IOs:                          23
 Number of bonded IOBs:                  23  out of     83    27%  
 Number of GCLKs:                         2  out of     24     8%  

---------------------------
Partition Resource Summary:
---------------------------

  No Partitions were found in this design.

---------------------------


=========================================================================
TIMING REPORT

NOTE: THESE TIMING NUMBERS ARE ONLY A SYNTHESIS ESTIMATE.
      FOR ACCURATE TIMING INFORMATION PLEASE REFER TO THE TRACE REPORT
      GENERATED AFTER PLACE-and-ROUTE.

Clock Information:
------------------
-----------------------------------+------------------------+-------+
Clock Signal                       | Clock buffer(FF name)  | Load  |
-----------------------------------+------------------------+-------+
XLXI_11/clk_1m1                    | BUFG                   | 42    |
SYS_CLK                            | BUFGP                  | 33    |
XLXI_11/clk_10k                    | NONE(XLXI_12/colI_3)   | 13    |
-----------------------------------+------------------------+-------+
INFO:Xst:2169 - HDL ADVISOR - Some clock signals were not automatically buffered by XST with BUFG/BUFR resources. Please use the buffer_type constraint in order to insert these buffers to the clock signals to help prevent skew problems.

Asynchronous Control Signals Information:
----------------------------------------
---------------------------------------------------+------------------------+-------+
Control Signal                                     | Buffer(FF name)        | Load  |
---------------------------------------------------+------------------------+-------+
Din<4>(XST_GND:G)                                  | NONE(XLXI_13/Dout1_0)  | 1     |
En                                                 | IBUF                   | 1     |
XLXI_13/Dout0_0_and0000(XLXI_13/Dout0_0_and00001:O)| NONE(XLXI_13/Dout0_0)  | 1     |
XLXI_13/Dout0_0_and0001(XLXI_13/Dout0_0_and00011:O)| NONE(XLXI_13/Dout0_0)  | 1     |
XLXI_13/Dout0_1_and0000(XLXI_13/Dout0_1_and00001:O)| NONE(XLXI_13/Dout0_1)  | 1     |
XLXI_13/Dout0_1_and0001(XLXI_13/Dout0_1_and00011:O)| NONE(XLXI_13/Dout0_1)  | 1     |
XLXI_13/Dout0_2_and0000(XLXI_13/Dout0_2_and00001:O)| NONE(XLXI_13/Dout0_2)  | 1     |
XLXI_13/Dout0_2_and0001(XLXI_13/Dout0_2_and00011:O)| NONE(XLXI_13/Dout0_2)  | 1     |
XLXI_13/Dout0_3_and0000(XLXI_13/Dout0_3_and00001:O)| NONE(XLXI_13/Dout0_3)  | 1     |
XLXI_13/Dout0_3_and0001(XLXI_13/Dout0_3_and00011:O)| NONE(XLXI_13/Dout0_3)  | 1     |
---------------------------------------------------+------------------------+-------+

Timing Summary:
---------------
Speed Grade: -4

   Minimum period: 12.348ns (Maximum Frequency: 80.986MHz)
   Minimum input arrival time before clock: 5.839ns
   Maximum output required time after clock: 7.907ns
   Maximum combinational path delay: No path found

Timing Detail:
--------------
All values displayed in nanoseconds (ns)

=========================================================================
Timing constraint: Default period analysis for Clock 'XLXI_11/clk_1m1'
  Clock period: 11.880ns (frequency: 84.176MHz)
  Total number of paths / destination ports: 314694 / 38
-------------------------------------------------------------------------
Delay:               11.880ns (Levels of Logic = 67)
  Source:            XLXI_11/cnt10k_1 (FF)
  Destination:       XLXI_11/cnt10k_31 (FF)
  Source Clock:      XLXI_11/clk_1m1 rising
  Destination Clock: XLXI_11/clk_1m1 rising

  Data Path: XLXI_11/cnt10k_1 to XLXI_11/cnt10k_31
                                Gate     Net
    Cell:in->out      fanout   Delay   Delay  Logical Name (Net Name)
    ----------------------------------------  ------------
     FDE:C->Q              2   0.591   0.622  XLXI_11/cnt10k_1 (XLXI_11/cnt10k_1)
     LUT1:I0->O            1   0.704   0.000  XLXI_11/Madd_cnt10k_add0000_cy<1>_rt (XLXI_11/Madd_cnt10k_add0000_cy<1>_rt)
     MUXCY:S->O            1   0.464   0.000  XLXI_11/Madd_cnt10k_add0000_cy<1> (XLXI_11/Madd_cnt10k_add0000_cy<1>)
     MUXCY:CI->O           1   0.059   0.000  XLXI_11/Madd_cnt10k_add0000_cy<2> (XLXI_11/Madd_cnt10k_add0000_cy<2>)
     MUXCY:CI->O           1   0.059   0.000  XLXI_11/Madd_cnt10k_add0000_cy<3> (XLXI_11/Madd_cnt10k_add0000_cy<3>)
     MUXCY:CI->O           1   0.059   0.000  XLXI_11/Madd_cnt10k_add0000_cy<4> (XLXI_11/Madd_cnt10k_add0000_cy<4>)
     MUXCY:CI->O           1   0.059   0.000  XLXI_11/Madd_cnt10k_add0000_cy<5> (XLXI_11/Madd_cnt10k_add0000_cy<5>)
     MUXCY:CI->O           1   0.059   0.000  XLXI_11/Madd_cnt10k_add0000_cy<6> (XLXI_11/Madd_cnt10k_add0000_cy<6>)
     MUXCY:CI->O           1   0.059   0.000  XLXI_11/Madd_cnt10k_add0000_cy<7> (XLXI_11/Madd_cnt10k_add0000_cy<7>)
     MUXCY:CI->O           1   0.059   0.000  XLXI_11/Madd_cnt10k_add0000_cy<8> (XLXI_11/Madd_cnt10k_add0000_cy<8>)
     MUXCY:CI->O           1   0.059   0.000  XLXI_11/Madd_cnt10k_add0000_cy<9> (XLXI_11/Madd_cnt10k_add0000_cy<9>)
     MUXCY:CI->O           1   0.059   0.000  XLXI_11/Madd_cnt10k_add0000_cy<10> (XLXI_11/Madd_cnt10k_add0000_cy<10>)
     MUXCY:CI->O           1   0.059   0.000  XLXI_11/Madd_cnt10k_add0000_cy<11> (XLXI_11/Madd_cnt10k_add0000_cy<11>)
     MUXCY:CI->O           1   0.059   0.000  XLXI_11/Madd_cnt10k_add0000_cy<12> (XLXI_11/Madd_cnt10k_add0000_cy<12>)
     MUXCY:CI->O           1   0.059   0.000  XLXI_11/Madd_cnt10k_add0000_cy<13> (XLXI_11/Madd_cnt10k_add0000_cy<13>)
     MUXCY:CI->O           1   0.059   0.000  XLXI_11/Madd_cnt10k_add0000_cy<14> (XLXI_11/Madd_cnt10k_add0000_cy<14>)
     MUXCY:CI->O           1   0.059   0.000  XLXI_11/Madd_cnt10k_add0000_cy<15> (XLXI_11/Madd_cnt10k_add0000_cy<15>)
     MUXCY:CI->O           1   0.059   0.000  XLXI_11/Madd_cnt10k_add0000_cy<16> (XLXI_11/Madd_cnt10k_add0000_cy<16>)
     MUXCY:CI->O           1   0.059   0.000  XLXI_11/Madd_cnt10k_add0000_cy<17> (XLXI_11/Madd_cnt10k_add0000_cy<17>)
     MUXCY:CI->O           1   0.059   0.000  XLXI_11/Madd_cnt10k_add0000_cy<18> (XLXI_11/Madd_cnt10k_add0000_cy<18>)
     MUXCY:CI->O           1   0.059   0.000  XLXI_11/Madd_cnt10k_add0000_cy<19> (XLXI_11/Madd_cnt10k_add0000_cy<19>)
     MUXCY:CI->O           1   0.059   0.000  XLXI_11/Madd_cnt10k_add0000_cy<20> (XLXI_11/Madd_cnt10k_add0000_cy<20>)
     MUXCY:CI->O           1   0.059   0.000  XLXI_11/Madd_cnt10k_add0000_cy<21> (XLXI_11/Madd_cnt10k_add0000_cy<21>)
     MUXCY:CI->O           1   0.059   0.000  XLXI_11/Madd_cnt10k_add0000_cy<22> (XLXI_11/Madd_cnt10k_add0000_cy<22>)
     MUXCY:CI->O           1   0.059   0.000  XLXI_11/Madd_cnt10k_add0000_cy<23> (XLXI_11/Madd_cnt10k_add0000_cy<23>)
     MUXCY:CI->O           1   0.059   0.000  XLXI_11/Madd_cnt10k_add0000_cy<24> (XLXI_11/Madd_cnt10k_add0000_cy<24>)
     MUXCY:CI->O           1   0.059   0.000  XLXI_11/Madd_cnt10k_add0000_cy<25> (XLXI_11/Madd_cnt10k_add0000_cy<25>)
     MUXCY:CI->O           1   0.059   0.000  XLXI_11/Madd_cnt10k_add0000_cy<26> (XLXI_11/Madd_cnt10k_add0000_cy<26>)
     MUXCY:CI->O           1   0.059   0.000  XLXI_11/Madd_cnt10k_add0000_cy<27> (XLXI_11/Madd_cnt10k_add0000_cy<27>)
     MUXCY:CI->O           1   0.059   0.000  XLXI_11/Madd_cnt10k_add0000_cy<28> (XLXI_11/Madd_cnt10k_add0000_cy<28>)
     XORCY:CI->O           1   0.804   0.424  XLXI_11/Madd_cnt10k_add0000_xor<29> (XLXI_11/cnt10k_add0000<29>)
     LUT4:I3->O            1   0.704   0.000  XLXI_11/Mcompar_cnt10k_cmp_gt0000_lut<9> (XLXI_11/Mcompar_cnt10k_cmp_gt0000_lut<9>)
     MUXCY:S->O            1   0.464   0.000  XLXI_11/Mcompar_cnt10k_cmp_gt0000_cy<9> (XLXI_11/Mcompar_cnt10k_cmp_gt0000_cy<9>)
     MUXCY:CI->O           1   0.059   0.000  XLXI_11/Mcompar_cnt10k_cmp_gt0000_cy<10> (XLXI_11/Mcompar_cnt10k_cmp_gt0000_cy<10>)
     MUXCY:CI->O          34   0.059   1.342  XLXI_11/Mcompar_cnt10k_cmp_gt0000_cy<11> (XLXI_11/Mcompar_cnt10k_cmp_gt0000_cy<11>)
     LUT2:I1->O            1   0.704   0.000  XLXI_11/Mcount_cnt10k_lut<0> (XLXI_11/Mcount_cnt10k_lut<0>)
     MUXCY:S->O            1   0.464   0.000  XLXI_11/Mcount_cnt10k_cy<0> (XLXI_11/Mcount_cnt10k_cy<0>)
     MUXCY:CI->O           1   0.059   0.000  XLXI_11/Mcount_cnt10k_cy<1> (XLXI_11/Mcount_cnt10k_cy<1>)
     MUXCY:CI->O           1   0.059   0.000  XLXI_11/Mcount_cnt10k_cy<2> (XLXI_11/Mcount_cnt10k_cy<2>)
     MUXCY:CI->O           1   0.059   0.000  XLXI_11/Mcount_cnt10k_cy<3> (XLXI_11/Mcount_cnt10k_cy<3>)
     MUXCY:CI->O           1   0.059   0.000  XLXI_11/Mcount_cnt10k_cy<4> (XLXI_11/Mcount_cnt10k_cy<4>)
     MUXCY:CI->O           1   0.059   0.000  XLXI_11/Mcount_cnt10k_cy<5> (XLXI_11/Mcount_cnt10k_cy<5>)
     MUXCY:CI->O           1   0.059   0.000  XLXI_11/Mcount_cnt10k_cy<6> (XLXI_11/Mcount_cnt10k_cy<6>)
     MUXCY:CI->O           1   0.059   0.000  XLXI_11/Mcount_cnt10k_cy<7> (XLXI_11/Mcount_cnt10k_cy<7>)
     MUXCY:CI->O           1   0.059   0.000  XLXI_11/Mcount_cnt10k_cy<8> (XLXI_11/Mcount_cnt10k_cy<8>)
     MUXCY:CI->O           1   0.059   0.000  XLXI_11/Mcount_cnt10k_cy<9> (XLXI_11/Mcount_cnt10k_cy<9>)
     MUXCY:CI->O           1   0.059   0.000  XLXI_11/Mcount_cnt10k_cy<10> (XLXI_11/Mcount_cnt10k_cy<10>)
     MUXCY:CI->O           1   0.059   0.000  XLXI_11/Mcount_cnt10k_cy<11> (XLXI_11/Mcount_cnt10k_cy<11>)
     MUXCY:CI->O           1   0.059   0.000  XLXI_11/Mcount_cnt10k_cy<12> (XLXI_11/Mcount_cnt10k_cy<12>)
     MUXCY:CI->O           1   0.059   0.000  XLXI_11/Mcount_cnt10k_cy<13> (XLXI_11/Mcount_cnt10k_cy<13>)
     MUXCY:CI->O           1   0.059   0.000  XLXI_11/Mcount_cnt10k_cy<14> (XLXI_11/Mcount_cnt10k_cy<14>)
     MUXCY:CI->O           1   0.059   0.000  XLXI_11/Mcount_cnt10k_cy<15> (XLXI_11/Mcount_cnt10k_cy<15>)
     MUXCY:CI->O           1   0.059   0.000  XLXI_11/Mcount_cnt10k_cy<16> (XLXI_11/Mcount_cnt10k_cy<16>)
     MUXCY:CI->O           1   0.059   0.000  XLXI_11/Mcount_cnt10k_cy<17> (XLXI_11/Mcount_cnt10k_cy<17>)
     MUXCY:CI->O           1   0.059   0.000  XLXI_11/Mcount_cnt10k_cy<18> (XLXI_11/Mcount_cnt10k_cy<18>)
     MUXCY:CI->O           1   0.059   0.000  XLXI_11/Mcount_cnt10k_cy<19> (XLXI_11/Mcount_cnt10k_cy<19>)
     MUXCY:CI->O           1   0.059   0.000  XLXI_11/Mcount_cnt10k_cy<20> (XLXI_11/Mcount_cnt10k_cy<20>)
     MUXCY:CI->O           1   0.059   0.000  XLXI_11/Mcount_cnt10k_cy<21> (XLXI_11/Mcount_cnt10k_cy<21>)
     MUXCY:CI->O           1   0.059   0.000  XLXI_11/Mcount_cnt10k_cy<22> (XLXI_11/Mcount_cnt10k_cy<22>)
     MUXCY:CI->O           1   0.059   0.000  XLXI_11/Mcount_cnt10k_cy<23> (XLXI_11/Mcount_cnt10k_cy<23>)
     MUXCY:CI->O           1   0.059   0.000  XLXI_11/Mcount_cnt10k_cy<24> (XLXI_11/Mcount_cnt10k_cy<24>)
     MUXCY:CI->O           1   0.059   0.000  XLXI_11/Mcount_cnt10k_cy<25> (XLXI_11/Mcount_cnt10k_cy<25>)
     MUXCY:CI->O           1   0.059   0.000  XLXI_11/Mcount_cnt10k_cy<26> (XLXI_11/Mcount_cnt10k_cy<26>)
     MUXCY:CI->O           1   0.059   0.000  XLXI_11/Mcount_cnt10k_cy<27> (XLXI_11/Mcount_cnt10k_cy<27>)
     MUXCY:CI->O           1   0.059   0.000  XLXI_11/Mcount_cnt10k_cy<28> (XLXI_11/Mcount_cnt10k_cy<28>)
     MUXCY:CI->O           1   0.059   0.000  XLXI_11/Mcount_cnt10k_cy<29> (XLXI_11/Mcount_cnt10k_cy<29>)
     MUXCY:CI->O           0   0.059   0.000  XLXI_11/Mcount_cnt10k_cy<30> (XLXI_11/Mcount_cnt10k_cy<30>)
     XORCY:CI->O           1   0.804   0.000  XLXI_11/Mcount_cnt10k_xor<31> (XLXI_11/Mcount_cnt10k31)
     FDE:D                     0.308          XLXI_11/cnt10k_31
    ----------------------------------------
    Total                     11.880ns (9.492ns logic, 2.388ns route)
                                       (79.9% logic, 20.1% route)

=========================================================================
Timing constraint: Default period analysis for Clock 'SYS_CLK'
  Clock period: 12.348ns (frequency: 80.986MHz)
  Total number of paths / destination ports: 296737 / 34
-------------------------------------------------------------------------
Delay:               12.348ns (Levels of Logic = 66)
  Source:            XLXI_11/cnt1M_1 (FF)
  Destination:       XLXI_11/cnt1M_31 (FF)
  Source Clock:      SYS_CLK rising
  Destination Clock: SYS_CLK rising

  Data Path: XLXI_11/cnt1M_1 to XLXI_11/cnt1M_31
                                Gate     Net
    Cell:in->out      fanout   Delay   Delay  Logical Name (Net Name)
    ----------------------------------------  ------------
     FDE:C->Q              2   0.591   0.622  XLXI_11/cnt1M_1 (XLXI_11/cnt1M_1)
     LUT1:I0->O            1   0.704   0.000  XLXI_11/Madd_clk_1m_add0000_cy<1>_rt (XLXI_11/Madd_clk_1m_add0000_cy<1>_rt)
     MUXCY:S->O            1   0.464   0.000  XLXI_11/Madd_clk_1m_add0000_cy<1> (XLXI_11/Madd_clk_1m_add0000_cy<1>)
     MUXCY:CI->O           1   0.059   0.000  XLXI_11/Madd_clk_1m_add0000_cy<2> (XLXI_11/Madd_clk_1m_add0000_cy<2>)
     MUXCY:CI->O           1   0.059   0.000  XLXI_11/Madd_clk_1m_add0000_cy<3> (XLXI_11/Madd_clk_1m_add0000_cy<3>)
     MUXCY:CI->O           1   0.059   0.000  XLXI_11/Madd_clk_1m_add0000_cy<4> (XLXI_11/Madd_clk_1m_add0000_cy<4>)
     MUXCY:CI->O           1   0.059   0.000  XLXI_11/Madd_clk_1m_add0000_cy<5> (XLXI_11/Madd_clk_1m_add0000_cy<5>)
     MUXCY:CI->O           1   0.059   0.000  XLXI_11/Madd_clk_1m_add0000_cy<6> (XLXI_11/Madd_clk_1m_add0000_cy<6>)
     MUXCY:CI->O           1   0.059   0.000  XLXI_11/Madd_clk_1m_add0000_cy<7> (XLXI_11/Madd_clk_1m_add0000_cy<7>)
     MUXCY:CI->O           1   0.059   0.000  XLXI_11/Madd_clk_1m_add0000_cy<8> (XLXI_11/Madd_clk_1m_add0000_cy<8>)
     MUXCY:CI->O           1   0.059   0.000  XLXI_11/Madd_clk_1m_add0000_cy<9> (XLXI_11/Madd_clk_1m_add0000_cy<9>)
     MUXCY:CI->O           1   0.059   0.000  XLXI_11/Madd_clk_1m_add0000_cy<10> (XLXI_11/Madd_clk_1m_add0000_cy<10>)
     MUXCY:CI->O           1   0.059   0.000  XLXI_11/Madd_clk_1m_add0000_cy<11> (XLXI_11/Madd_clk_1m_add0000_cy<11>)
     MUXCY:CI->O           1   0.059   0.000  XLXI_11/Madd_clk_1m_add0000_cy<12> (XLXI_11/Madd_clk_1m_add0000_cy<12>)
     MUXCY:CI->O           1   0.059   0.000  XLXI_11/Madd_clk_1m_add0000_cy<13> (XLXI_11/Madd_clk_1m_add0000_cy<13>)
     MUXCY:CI->O           1   0.059   0.000  XLXI_11/Madd_clk_1m_add0000_cy<14> (XLXI_11/Madd_clk_1m_add0000_cy<14>)
     MUXCY:CI->O           1   0.059   0.000  XLXI_11/Madd_clk_1m_add0000_cy<15> (XLXI_11/Madd_clk_1m_add0000_cy<15>)
     MUXCY:CI->O           1   0.059   0.000  XLXI_11/Madd_clk_1m_add0000_cy<16> (XLXI_11/Madd_clk_1m_add0000_cy<16>)
     MUXCY:CI->O           1   0.059   0.000  XLXI_11/Madd_clk_1m_add0000_cy<17> (XLXI_11/Madd_clk_1m_add0000_cy<17>)
     MUXCY:CI->O           1   0.059   0.000  XLXI_11/Madd_clk_1m_add0000_cy<18> (XLXI_11/Madd_clk_1m_add0000_cy<18>)
     MUXCY:CI->O           1   0.059   0.000  XLXI_11/Madd_clk_1m_add0000_cy<19> (XLXI_11/Madd_clk_1m_add0000_cy<19>)
     MUXCY:CI->O           1   0.059   0.000  XLXI_11/Madd_clk_1m_add0000_cy<20> (XLXI_11/Madd_clk_1m_add0000_cy<20>)
     MUXCY:CI->O           1   0.059   0.000  XLXI_11/Madd_clk_1m_add0000_cy<21> (XLXI_11/Madd_clk_1m_add0000_cy<21>)
     MUXCY:CI->O           1   0.059   0.000  XLXI_11/Madd_clk_1m_add0000_cy<22> (XLXI_11/Madd_clk_1m_add0000_cy<22>)
     MUXCY:CI->O           1   0.059   0.000  XLXI_11/Madd_clk_1m_add0000_cy<23> (XLXI_11/Madd_clk_1m_add0000_cy<23>)
     MUXCY:CI->O           1   0.059   0.000  XLXI_11/Madd_clk_1m_add0000_cy<24> (XLXI_11/Madd_clk_1m_add0000_cy<24>)
     MUXCY:CI->O           1   0.059   0.000  XLXI_11/Madd_clk_1m_add0000_cy<25> (XLXI_11/Madd_clk_1m_add0000_cy<25>)
     MUXCY:CI->O           1   0.059   0.000  XLXI_11/Madd_clk_1m_add0000_cy<26> (XLXI_11/Madd_clk_1m_add0000_cy<26>)
     MUXCY:CI->O           1   0.059   0.000  XLXI_11/Madd_clk_1m_add0000_cy<27> (XLXI_11/Madd_clk_1m_add0000_cy<27>)
     MUXCY:CI->O           1   0.059   0.000  XLXI_11/Madd_clk_1m_add0000_cy<28> (XLXI_11/Madd_clk_1m_add0000_cy<28>)
     XORCY:CI->O           1   0.804   0.595  XLXI_11/Madd_clk_1m_add0000_xor<29> (XLXI_11/clk_1m_add0000<29>)
     LUT2:I0->O            1   0.704   0.000  XLXI_11/Mcompar_cnt1M_cmp_ge0000_lut<9> (XLXI_11/Mcompar_cnt1M_cmp_ge0000_lut<9>)
     MUXCY:S->O            1   0.464   0.000  XLXI_11/Mcompar_cnt1M_cmp_ge0000_cy<9> (XLXI_11/Mcompar_cnt1M_cmp_ge0000_cy<9>)
     MUXCY:CI->O          34   0.459   1.298  XLXI_11/Mcompar_cnt1M_cmp_ge0000_cy<10> (XLXI_11/cnt1M_cmp_ge0000)
     LUT3:I2->O            1   0.704   0.000  XLXI_11/Mcount_cnt1M_lut<0> (XLXI_11/Mcount_cnt1M_lut<0>)
     MUXCY:S->O            1   0.464   0.000  XLXI_11/Mcount_cnt1M_cy<0> (XLXI_11/Mcount_cnt1M_cy<0>)
     MUXCY:CI->O           1   0.059   0.000  XLXI_11/Mcount_cnt1M_cy<1> (XLXI_11/Mcount_cnt1M_cy<1>)
     MUXCY:CI->O           1   0.059   0.000  XLXI_11/Mcount_cnt1M_cy<2> (XLXI_11/Mcount_cnt1M_cy<2>)
     MUXCY:CI->O           1   0.059   0.000  XLXI_11/Mcount_cnt1M_cy<3> (XLXI_11/Mcount_cnt1M_cy<3>)
     MUXCY:CI->O           1   0.059   0.000  XLXI_11/Mcount_cnt1M_cy<4> (XLXI_11/Mcount_cnt1M_cy<4>)
     MUXCY:CI->O           1   0.059   0.000  XLXI_11/Mcount_cnt1M_cy<5> (XLXI_11/Mcount_cnt1M_cy<5>)
     MUXCY:CI->O           1   0.059   0.000  XLXI_11/Mcount_cnt1M_cy<6> (XLXI_11/Mcount_cnt1M_cy<6>)
     MUXCY:CI->O           1   0.059   0.000  XLXI_11/Mcount_cnt1M_cy<7> (XLXI_11/Mcount_cnt1M_cy<7>)
     MUXCY:CI->O           1   0.059   0.000  XLXI_11/Mcount_cnt1M_cy<8> (XLXI_11/Mcount_cnt1M_cy<8>)
     MUXCY:CI->O           1   0.059   0.000  XLXI_11/Mcount_cnt1M_cy<9> (XLXI_11/Mcount_cnt1M_cy<9>)
     MUXCY:CI->O           1   0.059   0.000  XLXI_11/Mcount_cnt1M_cy<10> (XLXI_11/Mcount_cnt1M_cy<10>)
     MUXCY:CI->O           1   0.059   0.000  XLXI_11/Mcount_cnt1M_cy<11> (XLXI_11/Mcount_cnt1M_cy<11>)
     MUXCY:CI->O           1   0.059   0.000  XLXI_11/Mcount_cnt1M_cy<12> (XLXI_11/Mcount_cnt1M_cy<12>)
     MUXCY:CI->O           1   0.059   0.000  XLXI_11/Mcount_cnt1M_cy<13> (XLXI_11/Mcount_cnt1M_cy<13>)
     MUXCY:CI->O           1   0.059   0.000  XLXI_11/Mcount_cnt1M_cy<14> (XLXI_11/Mcount_cnt1M_cy<14>)
     MUXCY:CI->O           1   0.059   0.000  XLXI_11/Mcount_cnt1M_cy<15> (XLXI_11/Mcount_cnt1M_cy<15>)
     MUXCY:CI->O           1   0.059   0.000  XLXI_11/Mcount_cnt1M_cy<16> (XLXI_11/Mcount_cnt1M_cy<16>)
     MUXCY:CI->O           1   0.059   0.000  XLXI_11/Mcount_cnt1M_cy<17> (XLXI_11/Mcount_cnt1M_cy<17>)
     MUXCY:CI->O           1   0.059   0.000  XLXI_11/Mcount_cnt1M_cy<18> (XLXI_11/Mcount_cnt1M_cy<18>)
     MUXCY:CI->O           1   0.059   0.000  XLXI_11/Mcount_cnt1M_cy<19> (XLXI_11/Mcount_cnt1M_cy<19>)
     MUXCY:CI->O           1   0.059   0.000  XLXI_11/Mcount_cnt1M_cy<20> (XLXI_11/Mcount_cnt1M_cy<20>)
     MUXCY:CI->O           1   0.059   0.000  XLXI_11/Mcount_cnt1M_cy<21> (XLXI_11/Mcount_cnt1M_cy<21>)
     MUXCY:CI->O           1   0.059   0.000  XLXI_11/Mcount_cnt1M_cy<22> (XLXI_11/Mcount_cnt1M_cy<22>)
     MUXCY:CI->O           1   0.059   0.000  XLXI_11/Mcount_cnt1M_cy<23> (XLXI_11/Mcount_cnt1M_cy<23>)
     MUXCY:CI->O           1   0.059   0.000  XLXI_11/Mcount_cnt1M_cy<24> (XLXI_11/Mcount_cnt1M_cy<24>)
     MUXCY:CI->O           1   0.059   0.000  XLXI_11/Mcount_cnt1M_cy<25> (XLXI_11/Mcount_cnt1M_cy<25>)
     MUXCY:CI->O           1   0.059   0.000  XLXI_11/Mcount_cnt1M_cy<26> (XLXI_11/Mcount_cnt1M_cy<26>)
     MUXCY:CI->O           1   0.059   0.000  XLXI_11/Mcount_cnt1M_cy<27> (XLXI_11/Mcount_cnt1M_cy<27>)
     MUXCY:CI->O           1   0.059   0.000  XLXI_11/Mcount_cnt1M_cy<28> (XLXI_11/Mcount_cnt1M_cy<28>)
     MUXCY:CI->O           1   0.059   0.000  XLXI_11/Mcount_cnt1M_cy<29> (XLXI_11/Mcount_cnt1M_cy<29>)
     MUXCY:CI->O           0   0.059   0.000  XLXI_11/Mcount_cnt1M_cy<30> (XLXI_11/Mcount_cnt1M_cy<30>)
     XORCY:CI->O           1   0.804   0.000  XLXI_11/Mcount_cnt1M_xor<31> (XLXI_11/Mcount_cnt1M31)
     FDE:D                     0.308          XLXI_11/cnt1M_31
    ----------------------------------------
    Total                     12.348ns (9.833ns logic, 2.515ns route)
                                       (79.6% logic, 20.4% route)

=========================================================================
Timing constraint: Default period analysis for Clock 'XLXI_11/clk_10k'
  Clock period: 6.139ns (frequency: 162.893MHz)
  Total number of paths / destination ports: 91 / 17
-------------------------------------------------------------------------
Delay:               6.139ns (Levels of Logic = 3)
  Source:            XLXI_12/colO_0 (FF)
  Destination:       XLXI_12/binO_2 (FF)
  Source Clock:      XLXI_11/clk_10k rising
  Destination Clock: XLXI_11/clk_10k rising

  Data Path: XLXI_12/colO_0 to XLXI_12/binO_2
                                Gate     Net
    Cell:in->out      fanout   Delay   Delay  Logical Name (Net Name)
    ----------------------------------------  ------------
     FDE:C->Q             10   0.591   1.057  XLXI_12/colO_0 (XLXI_12/colO_0)
     LUT4:I0->O            3   0.704   0.531  XLXI_12/binO_cmp_eq00021 (XLXI_12/binO_cmp_eq0002)
     MUXF5:S->O            2   0.739   0.482  XLXI_12/binO_mux0002<1>3_f5 (XLXI_12/N6)
     LUT3:I2->O            1   0.704   0.420  XLXI_12/binO_mux0002<3>2 (XLXI_12/binO_mux0002<3>2)
     FDS:S                     0.911          XLXI_12/binO_0
    ----------------------------------------
    Total                      6.139ns (3.649ns logic, 2.490ns route)
                                       (59.4% logic, 40.6% route)

=========================================================================
Timing constraint: Default OFFSET IN BEFORE for Clock 'XLXI_11/clk_10k'
  Total number of paths / destination ports: 80 / 10
-------------------------------------------------------------------------
Offset:              5.839ns (Levels of Logic = 4)
  Source:            row<3> (PAD)
  Destination:       XLXI_12/binO_2 (FF)
  Destination Clock: XLXI_11/clk_10k rising

  Data Path: row<3> to XLXI_12/binO_2
                                Gate     Net
    Cell:in->out      fanout   Delay   Delay  Logical Name (Net Name)
    ----------------------------------------  ------------
     IBUF:I->O             6   1.218   0.844  row_3_IBUF (row_3_IBUF)
     LUT4:I0->O            4   0.704   0.762  XLXI_12/binO_mux0002<0>41 (XLXI_12/keyO_cmp_eq0001)
     LUT4:I0->O            1   0.704   0.595  XLXI_12/binO_mux0002<1>701_SW1 (N22)
     LUT4:I0->O            1   0.704   0.000  XLXI_12/binO_mux0002<1>701 (XLXI_12/binO_mux0002<1>70)
     FDS:D                     0.308          XLXI_12/binO_2
    ----------------------------------------
    Total                      5.839ns (3.638ns logic, 2.201ns route)
                                       (62.3% logic, 37.7% route)

=========================================================================
Timing constraint: Default OFFSET OUT AFTER for Clock 'XLXI_11/clk_10k'
  Total number of paths / destination ports: 45 / 17
-------------------------------------------------------------------------
Offset:              7.907ns (Levels of Logic = 4)
  Source:            XLXI_12/keyO (FF)
  Destination:       sseg<6> (PAD)
  Source Clock:      XLXI_11/clk_10k rising

  Data Path: XLXI_12/keyO to sseg<6>
                                Gate     Net
    Cell:in->out      fanout   Delay   Delay  Logical Name (Net Name)
    ----------------------------------------  ------------
     FDRS:C->Q            11   0.591   1.012  XLXI_12/keyO (XLXI_12/keyO)
     LUT3:I1->O            1   0.704   0.000  XLXI_15/hexO<0>1 (XLXI_15/hexO<0>)
     MUXF5:I1->O           7   0.321   0.883  XLXI_15/hexO<0>_f5 (XLXN_36<0>)
     LUT4:I0->O            1   0.704   0.420  XLXI_16/Mrom_hexD_rom000031 (sseg_3_OBUF)
     OBUF:I->O                 3.272          sseg_3_OBUF (sseg<3>)
    ----------------------------------------
    Total                      7.907ns (5.592ns logic, 2.315ns route)
                                       (70.7% logic, 29.3% route)

=========================================================================
Timing constraint: Default OFFSET OUT AFTER for Clock 'XLXI_11/clk_1m1'
  Total number of paths / destination ports: 106 / 11
-------------------------------------------------------------------------
Offset:              7.812ns (Levels of Logic = 4)
  Source:            XLXI_14/sel_0 (FF)
  Destination:       sseg<6> (PAD)
  Source Clock:      XLXI_11/clk_1m1 rising

  Data Path: XLXI_14/sel_0 to sseg<6>
                                Gate     Net
    Cell:in->out      fanout   Delay   Delay  Logical Name (Net Name)
    ----------------------------------------  ------------
     FD:C->Q              10   0.591   0.917  XLXI_14/sel_0 (XLXI_14/sel_0)
     LUT3:I2->O            1   0.704   0.000  XLXI_15/hexO<0>1 (XLXI_15/hexO<0>)
     MUXF5:I1->O           7   0.321   0.883  XLXI_15/hexO<0>_f5 (XLXN_36<0>)
     LUT4:I0->O            1   0.704   0.420  XLXI_16/Mrom_hexD_rom000031 (sseg_3_OBUF)
     OBUF:I->O                 3.272          sseg_3_OBUF (sseg<3>)
    ----------------------------------------
    Total                      7.812ns (5.592ns logic, 2.220ns route)
                                       (71.6% logic, 28.4% route)

=========================================================================


Total REAL time to Xst completion: 5.00 secs
Total CPU time to Xst completion: 4.68 secs
 
--> 


Total memory usage is 543472 kilobytes

Number of errors   :    0 (   0 filtered)
Number of warnings :   78 (   0 filtered)
Number of infos    :    7 (   0 filtered)

