Command line:
   dff01_dff01_sch_tb_isim_beh.exe
     -simmode  gui
     -simrunnum  0
     -socket  43613

Thu Oct 11 12:56:26 2018


 Elaboration Time: 0.01 sec

 Current Memory Usage: 204.927 Meg

 Total Signals          : 29
 Total Nets             : 29
 Total Signal Drivers   : 2
 Total Blocks           : 4
 Total Primitive Blocks : 4
 Total Processes        : 1
 Total Traceable Variables  : 13
 Total Scalar Nets and Variables : 512
Total Line Count : 29

 Total Simulation Time: 0.09 sec

 Current Memory Usage: 280.429 Meg

Thu Oct 11 12:57:06 2018

